<?xml version="1.0" encoding="UTF-8"?>
<!-- Generated by org.testng.reporters.JUnitXMLReporter -->
<testsuite hostname="sakthivel-PC" name="Test" tests="1" failures="1" timestamp="20 Jan 2016 09:42:23 GMT" time="1217.689" errors="0">
  <testcase name="MainProduct" time="825.422" classname="jenTest.AddtoCart">
    <failure type="org.openqa.selenium.TimeoutException" message="Timed out after 50 seconds waiting for presence of element located by: By.xpath: .//*[@id=&amp;apos;popup_ok&amp;apos;]
Build info: version: &amp;apos;2.48.2&amp;apos;, revision: &amp;apos;41bccdd&amp;apos;, time: &amp;apos;2015-10-09 19:55:52&amp;apos;
System info: host: &amp;apos;sakthivel-PC&amp;apos;, ip: &amp;apos;172.16.11.74&amp;apos;, os.name: &amp;apos;Windows 7&amp;apos;, os.arch: &amp;apos;amd64&amp;apos;, os.version: &amp;apos;6.1&amp;apos;, java.version: &amp;apos;1.8.0_65&amp;apos;
Driver info: org.openqa.selenium.firefox.FirefoxDriver
Capabilities [{applicationCacheEnabled=true, rotatable=false, handlesAlerts=true, databaseEnabled=true, version=44.0, platform=WINDOWS, nativeEvents=false, acceptSslCerts=true, webStorageEnabled=true, locationContextEnabled=true, browserName=firefox, takesScreenshot=true, javascriptEnabled=true, cssSelectorsEnabled=true}]
Session ID: c54eef79-3180-49c4-9dc9-a43ac86251a7">
      <![CDATA[org.openqa.selenium.TimeoutException: Timed out after 50 seconds waiting for presence of element located by: By.xpath: .//*[@id='popup_ok']
Build info: version: '2.48.2', revision: '41bccdd', time: '2015-10-09 19:55:52'
System info: host: 'sakthivel-PC', ip: '172.16.11.74', os.name: 'Windows 7', os.arch: 'amd64', os.version: '6.1', java.version: '1.8.0_65'
Driver info: org.openqa.selenium.firefox.FirefoxDriver
Capabilities [{applicationCacheEnabled=true, rotatable=false, handlesAlerts=true, databaseEnabled=true, version=44.0, platform=WINDOWS, nativeEvents=false, acceptSslCerts=true, webStorageEnabled=true, locationContextEnabled=true, browserName=firefox, takesScreenshot=true, javascriptEnabled=true, cssSelectorsEnabled=true}]
Session ID: c54eef79-3180-49c4-9dc9-a43ac86251a7
	at org.openqa.selenium.support.ui.WebDriverWait.timeoutException(WebDriverWait.java:80)
	at org.openqa.selenium.support.ui.FluentWait.until(FluentWait.java:261)
	at jenTest.AddtoCart.ProductPage(AddtoCart.java:261)
	at jenTest.AddtoCart.SubProductCategories(AddtoCart.java:173)
	at jenTest.AddtoCart.SubProduct(AddtoCart.java:147)
	at jenTest.AddtoCart.MainProduct(AddtoCart.java:71)
Caused by: org.openqa.selenium.NoSuchElementException: Unable to locate element: {"method":"xpath","selector":".//*[@id='popup_ok']"}
Command duration or timeout: 60.07 seconds
For documentation on this error, please visit: http://seleniumhq.org/exceptions/no_such_element.html
Build info: version: '2.48.2', revision: '41bccdd', time: '2015-10-09 19:55:52'
System info: host: 'sakthivel-PC', ip: '172.16.11.74', os.name: 'Windows 7', os.arch: 'amd64', os.version: '6.1', java.version: '1.8.0_65'
Driver info: org.openqa.selenium.firefox.FirefoxDriver
Capabilities [{applicationCacheEnabled=true, rotatable=false, handlesAlerts=true, databaseEnabled=true, version=44.0, platform=WINDOWS, nativeEvents=false, acceptSslCerts=true, webStorageEnabled=true, locationContextEnabled=true, browserName=firefox, takesScreenshot=true, javascriptEnabled=true, cssSelectorsEnabled=true}]
Session ID: c54eef79-3180-49c4-9dc9-a43ac86251a7
*** Element info: {Using=xpath, value=.//*[@id='popup_ok']}
	at org.openqa.selenium.remote.ErrorHandler.createThrowable(ErrorHandler.java:206)
	at org.openqa.selenium.remote.ErrorHandler.throwIfResponseFailed(ErrorHandler.java:158)
	at org.openqa.selenium.remote.RemoteWebDriver.execute(RemoteWebDriver.java:647)
	at org.openqa.selenium.remote.RemoteWebDriver.findElement(RemoteWebDriver.java:353)
	at org.openqa.selenium.remote.RemoteWebDriver.findElementByXPath(RemoteWebDriver.java:490)
	at org.openqa.selenium.By$ByXPath.findElement(By.java:361)
	at org.openqa.selenium.remote.RemoteWebDriver.findElement(RemoteWebDriver.java:345)
	at org.openqa.selenium.support.ui.ExpectedConditions.findElement(ExpectedConditions.java:911)
	at org.openqa.selenium.support.ui.ExpectedConditions.access$0(ExpectedConditions.java:909)
	at org.openqa.selenium.support.ui.ExpectedConditions$6.apply(ExpectedConditions.java:181)
	at org.openqa.selenium.support.ui.ExpectedConditions$6.apply(ExpectedConditions.java:1)
	at org.openqa.selenium.support.ui.FluentWait.until(FluentWait.java:238)
	... 27 more
Caused by: org.openqa.selenium.NoSuchElementException: Unable to locate element: {"method":"xpath","selector":".//*[@id='popup_ok']"}
For documentation on this error, please visit: http://seleniumhq.org/exceptions/no_such_element.html
Build info: version: '2.48.2', revision: '41bccdd', time: '2015-10-09 19:55:52'
System info: host: 'sakthivel-PC', ip: '172.16.11.74', os.name: 'Windows 7', os.arch: 'amd64', os.version: '6.1', java.version: '1.8.0_65'
Driver info: driver.version: unknown
	at <anonymous class>.FirefoxDriver.prototype.findElementInternal_(file:///C:/Windows/TEMP/anonymous2719906063846528844webdriver-profile/extensions/fxdriver@googlecode.com/components/driver-component.js:10659)
	at <anonymous class>.fxdriver.Timer.prototype.setTimeout/<.notify(file:///C:/Windows/TEMP/anonymous2719906063846528844webdriver-profile/extensions/fxdriver@googlecode.com/components/driver-component.js:621)
... Removed 27 stack frames]]>
    </failure>
  </testcase> <!-- MainProduct -->
</testsuite> <!-- Test -->
