<?xml version="1.0" encoding="UTF-8"?>
<!-- Generated by org.testng.reporters.JUnitXMLReporter -->
<testsuite hostname="sakthivel-PC" name="Test" tests="1" failures="1" timestamp="29 Jan 2016 13:16:41 GMT" time="99.429" errors="0">
  <testcase name="MainProduct" time="70.421" classname="jenTest.AddtoCart">
    <failure type="org.openqa.selenium.TimeoutException" message="Timed out after 25 seconds waiting for presence of any elements located by By.xpath: html/body/div[1]/div[3]/div[1]/div[2]/div/div[3]/div[1]/div/div/div[8]/div[2]/div/a
Build info: version: &amp;apos;2.48.2&amp;apos;, revision: &amp;apos;41bccdd&amp;apos;, time: &amp;apos;2015-10-09 19:55:52&amp;apos;
System info: host: &amp;apos;sakthivel-PC&amp;apos;, ip: &amp;apos;172.16.11.74&amp;apos;, os.name: &amp;apos;Windows 7&amp;apos;, os.arch: &amp;apos;amd64&amp;apos;, os.version: &amp;apos;6.1&amp;apos;, java.version: &amp;apos;1.8.0_65&amp;apos;
Driver info: org.openqa.selenium.firefox.FirefoxDriver
Capabilities [{applicationCacheEnabled=true, rotatable=false, handlesAlerts=true, databaseEnabled=true, version=44.0, platform=WINDOWS, nativeEvents=false, acceptSslCerts=true, webStorageEnabled=true, locationContextEnabled=true, browserName=firefox, takesScreenshot=true, javascriptEnabled=true, cssSelectorsEnabled=true}]
Session ID: 7708e765-cfdb-4411-9c7d-73f434575444">
      <![CDATA[org.openqa.selenium.TimeoutException: Timed out after 25 seconds waiting for presence of any elements located by By.xpath: html/body/div[1]/div[3]/div[1]/div[2]/div/div[3]/div[1]/div/div/div[8]/div[2]/div/a
Build info: version: '2.48.2', revision: '41bccdd', time: '2015-10-09 19:55:52'
System info: host: 'sakthivel-PC', ip: '172.16.11.74', os.name: 'Windows 7', os.arch: 'amd64', os.version: '6.1', java.version: '1.8.0_65'
Driver info: org.openqa.selenium.firefox.FirefoxDriver
Capabilities [{applicationCacheEnabled=true, rotatable=false, handlesAlerts=true, databaseEnabled=true, version=44.0, platform=WINDOWS, nativeEvents=false, acceptSslCerts=true, webStorageEnabled=true, locationContextEnabled=true, browserName=firefox, takesScreenshot=true, javascriptEnabled=true, cssSelectorsEnabled=true}]
Session ID: 7708e765-cfdb-4411-9c7d-73f434575444
	at org.openqa.selenium.support.ui.WebDriverWait.timeoutException(WebDriverWait.java:80)
	at org.openqa.selenium.support.ui.FluentWait.until(FluentWait.java:261)
	at jenTest.AddtoCart.SubProduct(AddtoCart.java:183)
	at jenTest.AddtoCart.MainProduct(AddtoCart.java:71)
... Removed 23 stack frames]]>
    </failure>
  </testcase> <!-- MainProduct -->
</testsuite> <!-- Test -->
