<?xml version="1.0" encoding="UTF-8"?>
<!-- Generated by org.testng.reporters.JUnitXMLReporter -->
<testsuite hostname="sakthivel-PC" name="Test" tests="14" failures="0" timestamp="6 May 2016 13:07:17 GMT" time="1800.143" errors="0">
  <testcase name="@BeforeTest LoginTest" time="0.0" classname="jenTest.FasciaSubProducts">
    <failure type="org.openqa.selenium.TimeoutException" message="Timed out waiting for page load.
Command duration or timeout: 1800.04 seconds
Build info: version: &amp;apos;2.53.0&amp;apos;, revision: &amp;apos;35ae25b&amp;apos;, time: &amp;apos;2016-03-15 17:00:58&amp;apos;
System info: host: &amp;apos;sakthivel-PC&amp;apos;, ip: &amp;apos;172.16.11.74&amp;apos;, os.name: &amp;apos;Windows 7&amp;apos;, os.arch: &amp;apos;amd64&amp;apos;, os.version: &amp;apos;6.1&amp;apos;, java.version: &amp;apos;1.8.0_65&amp;apos;
Driver info: org.openqa.selenium.firefox.FirefoxDriver
Capabilities [{applicationCacheEnabled=true, rotatable=false, handlesAlerts=true, databaseEnabled=true, version=46.0, platform=WINDOWS, nativeEvents=false, acceptSslCerts=true, webStorageEnabled=true, locationContextEnabled=true, browserName=firefox, takesScreenshot=true, javascriptEnabled=true, cssSelectorsEnabled=true}]
Session ID: 06103527-c3f0-4b11-8f18-f074a7661261">
      <![CDATA[org.openqa.selenium.TimeoutException: Timed out waiting for page load.
Command duration or timeout: 1800.04 seconds
Build info: version: '2.53.0', revision: '35ae25b', time: '2016-03-15 17:00:58'
System info: host: 'sakthivel-PC', ip: '172.16.11.74', os.name: 'Windows 7', os.arch: 'amd64', os.version: '6.1', java.version: '1.8.0_65'
Driver info: org.openqa.selenium.firefox.FirefoxDriver
Capabilities [{applicationCacheEnabled=true, rotatable=false, handlesAlerts=true, databaseEnabled=true, version=46.0, platform=WINDOWS, nativeEvents=false, acceptSslCerts=true, webStorageEnabled=true, locationContextEnabled=true, browserName=firefox, takesScreenshot=true, javascriptEnabled=true, cssSelectorsEnabled=true}]
Session ID: 06103527-c3f0-4b11-8f18-f074a7661261
	at org.openqa.selenium.remote.ErrorHandler.createThrowable(ErrorHandler.java:206)
	at org.openqa.selenium.remote.ErrorHandler.throwIfResponseFailed(ErrorHandler.java:158)
	at org.openqa.selenium.remote.RemoteWebDriver.execute(RemoteWebDriver.java:678)
	at org.openqa.selenium.remote.RemoteWebDriver.get(RemoteWebDriver.java:316)
	at jenTest.FasciaSubProducts.LoginTest(FasciaSubProducts.java:30)
Caused by: org.openqa.selenium.TimeoutException: Timed out waiting for page load.
Build info: version: '2.53.0', revision: '35ae25b', time: '2016-03-15 17:00:58'
System info: host: 'sakthivel-PC', ip: '172.16.11.74', os.name: 'Windows 7', os.arch: 'amd64', os.version: '6.1', java.version: '1.8.0_65'
Driver info: driver.version: unknown
	at <anonymous class>.Utils.initWebLoadingListener/<(file:///C:/Windows/TEMP/anonymous1811541397441531008webdriver-profile/extensions/fxdriver@googlecode.com/components/driver-component.js:9071)
	at <anonymous class>.WebLoadingListener/e(file:///C:/Windows/TEMP/anonymous1811541397441531008webdriver-profile/extensions/fxdriver@googlecode.com/components/driver-component.js:5142)
	at <anonymous class>.WebLoadingListener/<(file:///C:/Windows/TEMP/anonymous1811541397441531008webdriver-profile/extensions/fxdriver@googlecode.com/components/driver-component.js:5150)
	at <anonymous class>.fxdriver.Timer.prototype.setTimeout/<.notify(file:///C:/Windows/TEMP/anonymous1811541397441531008webdriver-profile/extensions/fxdriver@googlecode.com/components/driver-component.js:625)
... Removed 25 stack frames]]>
    </failure>
  </testcase> <!-- @BeforeTest LoginTest -->
  <testcase name="@AfterTest CloseBrowser" time="0.0" classname="jenTest.FasciaSubProducts">
    <skipped/>
  </testcase> <!-- @AfterTest CloseBrowser -->
  <testcase name="WhiteFasciaProducts" time="0.0" classname="jenTest.FasciaSubProducts">
    <skipped/>
  </testcase> <!-- WhiteFasciaProducts -->
  <testcase name="BlackFasciaProducts" time="0.0" classname="jenTest.FasciaSubProducts">
    <skipped/>
  </testcase> <!-- BlackFasciaProducts -->
  <testcase name="LightGreyFasciaProducts" time="0.0" classname="jenTest.FasciaSubProducts">
    <skipped/>
  </testcase> <!-- LightGreyFasciaProducts -->
  <testcase name="HazyGreyFasciaProducts" time="0.0" classname="jenTest.FasciaSubProducts">
    <skipped/>
  </testcase> <!-- HazyGreyFasciaProducts -->
  <testcase name="AnthraciteGreyFasciaProducts" time="0.0" classname="jenTest.FasciaSubProducts">
    <skipped/>
  </testcase> <!-- AnthraciteGreyFasciaProducts -->
  <testcase name="AnthraciteWoodGreyFasciaProducts" time="0.0" classname="jenTest.FasciaSubProducts">
    <skipped/>
  </testcase> <!-- AnthraciteWoodGreyFasciaProducts -->
  <testcase name="RosewoodFasciaProducts" time="0.0" classname="jenTest.FasciaSubProducts">
    <skipped/>
  </testcase> <!-- RosewoodFasciaProducts -->
  <testcase name="MahoganyFasciaProducts" time="0.0" classname="jenTest.FasciaSubProducts">
    <skipped/>
  </testcase> <!-- MahoganyFasciaProducts -->
  <testcase name="GoldenOakFasciaProducts" time="0.0" classname="jenTest.FasciaSubProducts">
    <skipped/>
  </testcase> <!-- GoldenOakFasciaProducts -->
  <testcase name="IrishOakFasciaProducts" time="0.0" classname="jenTest.FasciaSubProducts">
    <skipped/>
  </testcase> <!-- IrishOakFasciaProducts -->
  <testcase name="ChartwellGreenFasciaProducts" time="0.0" classname="jenTest.FasciaSubProducts">
    <skipped/>
  </testcase> <!-- ChartwellGreenFasciaProducts -->
  <testcase name="CreamFasciaProducts" time="0.0" classname="jenTest.FasciaSubProducts">
    <skipped/>
  </testcase> <!-- CreamFasciaProducts -->
  <testcase name="MBossFasciaProducts" time="0.0" classname="jenTest.FasciaSubProducts">
    <skipped/>
  </testcase> <!-- MBossFasciaProducts -->
  <testcase name="ThickFlatTudorBoardProducts" time="0.0" classname="jenTest.FasciaSubProducts">
    <skipped/>
  </testcase> <!-- ThickFlatTudorBoardProducts -->
</testsuite> <!-- Test -->
