<?xml version="1.0" encoding="UTF-8"?>
<!-- Generated by org.testng.reporters.JUnitXMLReporter -->
<testsuite hostname="sakthivel-PC" name="Test" tests="13" failures="1" timestamp="3 May 2016 13:43:15 GMT" time="1301.361" errors="0">
  <testcase name="WhiteSoftitProducts" time="209.364" classname="jenTest.SoftitBoardsSubProducts"/>
  <testcase name="BlackwoodGrainSoftitProducts" time="137.981" classname="jenTest.SoftitBoardsSubProducts"/>
  <testcase name="GreySoftitProducts" time="207.573" classname="jenTest.SoftitBoardsSubProducts"/>
  <testcase name="MahoganySoftitProducts" time="142.18" classname="jenTest.SoftitBoardsSubProducts"/>
  <testcase name="GoldenOakWoodgrainSoftitProducts" time="82.164" classname="jenTest.SoftitBoardsSubProducts">
    <failure type="org.openqa.selenium.WebDriverException" message="Element is not clickable at point (396.2833251953125, 508). Other element would receive the click: &amp;lt;img src=&amp;quot;http://dev.angelplastics.co.uk/application/images/Product_category/1375391163_IMG_0860-web.jpg&amp;quot; title=&amp;quot;9mm Oak Vented Soffits&amp;quot; alt=&amp;quot;&amp;quot; class=&amp;quot;tr_all_long_hover&amp;quot; height=&amp;quot;112px;&amp;quot; width=&amp;quot;150px;&amp;quot;&amp;gt;
Command duration or timeout: 78 milliseconds
Build info: version: &amp;apos;2.53.0&amp;apos;, revision: &amp;apos;35ae25b&amp;apos;, time: &amp;apos;2016-03-15 17:00:58&amp;apos;
System info: host: &amp;apos;sakthivel-PC&amp;apos;, ip: &amp;apos;172.16.11.74&amp;apos;, os.name: &amp;apos;Windows 7&amp;apos;, os.arch: &amp;apos;amd64&amp;apos;, os.version: &amp;apos;6.1&amp;apos;, java.version: &amp;apos;1.8.0_65&amp;apos;
Driver info: org.openqa.selenium.firefox.FirefoxDriver
Capabilities [{applicationCacheEnabled=true, rotatable=false, handlesAlerts=true, databaseEnabled=true, version=46.0, platform=WINDOWS, nativeEvents=false, acceptSslCerts=true, webStorageEnabled=true, locationContextEnabled=true, browserName=firefox, takesScreenshot=true, javascriptEnabled=true, cssSelectorsEnabled=true}]
Session ID: a49a9b14-d9a7-48fe-98ca-84e49b8d627b">
      <![CDATA[org.openqa.selenium.WebDriverException: Element is not clickable at point (396.2833251953125, 508). Other element would receive the click: <img src="http://dev.angelplastics.co.uk/application/images/Product_category/1375391163_IMG_0860-web.jpg" title="9mm Oak Vented Soffits" alt="" class="tr_all_long_hover" height="112px;" width="150px;">
Command duration or timeout: 78 milliseconds
Build info: version: '2.53.0', revision: '35ae25b', time: '2016-03-15 17:00:58'
System info: host: 'sakthivel-PC', ip: '172.16.11.74', os.name: 'Windows 7', os.arch: 'amd64', os.version: '6.1', java.version: '1.8.0_65'
Driver info: org.openqa.selenium.firefox.FirefoxDriver
Capabilities [{applicationCacheEnabled=true, rotatable=false, handlesAlerts=true, databaseEnabled=true, version=46.0, platform=WINDOWS, nativeEvents=false, acceptSslCerts=true, webStorageEnabled=true, locationContextEnabled=true, browserName=firefox, takesScreenshot=true, javascriptEnabled=true, cssSelectorsEnabled=true}]
Session ID: a49a9b14-d9a7-48fe-98ca-84e49b8d627b
	at org.openqa.selenium.remote.ErrorHandler.createThrowable(ErrorHandler.java:206)
	at org.openqa.selenium.remote.ErrorHandler.throwIfResponseFailed(ErrorHandler.java:158)
	at org.openqa.selenium.remote.RemoteWebDriver.execute(RemoteWebDriver.java:678)
	at org.openqa.selenium.remote.RemoteWebElement.execute(RemoteWebElement.java:327)
	at org.openqa.selenium.remote.RemoteWebElement.click(RemoteWebElement.java:85)
	at jenTest.SoftitBoardsSubProducts.GoldenOakWoodgrainSoftitProducts(SoftitBoardsSubProducts.java:285)
... Removed 27 stack frames]]>
    </failure>
  </testcase> <!-- GoldenOakWoodgrainSoftitProducts -->
  <testcase name="RoseWoodgrainSoftitProducts" time="135.741" classname="jenTest.SoftitBoardsSubProducts"/>
  <testcase name="IrishOakSoftitProducts" time="85.025" classname="jenTest.SoftitBoardsSubProducts"/>
  <testcase name="ChartwellGreenSoftitProducts" time="49.293" classname="jenTest.SoftitBoardsSubProducts"/>
  <testcase name="SolidBrownColourSoftitProducts" time="30.353" classname="jenTest.SoftitBoardsSubProducts"/>
  <testcase name="SolidCreamColourSoftitProducts" time="38.828" classname="jenTest.SoftitBoardsSubProducts"/>
  <testcase name="SolidBlackColourSoftitProducts" time="32.076" classname="jenTest.SoftitBoardsSubProducts"/>
  <testcase name="ventingProducts" time="70.1" classname="jenTest.SoftitBoardsSubProducts"/>
  <testcase name="CreamwoodGrainProducts" time="57.257" classname="jenTest.SoftitBoardsSubProducts"/>
</testsuite> <!-- Test -->
