<?xml version="1.0" encoding="UTF-8"?>
<!-- Generated by org.testng.reporters.JUnitXMLReporter -->
<testsuite hostname="sakthivel-PC" name="Test" tests="17" failures="0" timestamp="11 May 2016 14:21:47 GMT" time="7.578" errors="0">
  <testcase name="@BeforeTest LoginTest" time="0.0" classname="jenTest.GutteringPlastic">
    <failure type="org.openqa.selenium.UnhandledAlertException" message="Unexpected modal dialog (text: false): false
Build info: version: &amp;apos;2.53.0&amp;apos;, revision: &amp;apos;35ae25b&amp;apos;, time: &amp;apos;2016-03-15 17:00:58&amp;apos;
System info: host: &amp;apos;sakthivel-PC&amp;apos;, ip: &amp;apos;172.16.11.74&amp;apos;, os.name: &amp;apos;Windows 7&amp;apos;, os.arch: &amp;apos;amd64&amp;apos;, os.version: &amp;apos;6.1&amp;apos;, java.version: &amp;apos;1.8.0_65&amp;apos;
Driver info: org.openqa.selenium.firefox.FirefoxDriver
Capabilities [{applicationCacheEnabled=true, rotatable=false, handlesAlerts=true, databaseEnabled=true, version=46.0, platform=WINDOWS, nativeEvents=false, acceptSslCerts=true, webStorageEnabled=true, locationContextEnabled=true, browserName=firefox, takesScreenshot=true, javascriptEnabled=true, cssSelectorsEnabled=true}]
Session ID: 46b22786-e22c-4082-9fba-ed748b97ac02">
      <![CDATA[org.openqa.selenium.UnhandledAlertException: Unexpected modal dialog (text: false): false
Build info: version: '2.53.0', revision: '35ae25b', time: '2016-03-15 17:00:58'
System info: host: 'sakthivel-PC', ip: '172.16.11.74', os.name: 'Windows 7', os.arch: 'amd64', os.version: '6.1', java.version: '1.8.0_65'
Driver info: org.openqa.selenium.firefox.FirefoxDriver
Capabilities [{applicationCacheEnabled=true, rotatable=false, handlesAlerts=true, databaseEnabled=true, version=46.0, platform=WINDOWS, nativeEvents=false, acceptSslCerts=true, webStorageEnabled=true, locationContextEnabled=true, browserName=firefox, takesScreenshot=true, javascriptEnabled=true, cssSelectorsEnabled=true}]
Session ID: 46b22786-e22c-4082-9fba-ed748b97ac02
	at org.openqa.selenium.remote.ErrorHandler.createThrowable(ErrorHandler.java:206)
	at org.openqa.selenium.remote.ErrorHandler.createUnhandledAlertException(ErrorHandler.java:187)
	at org.openqa.selenium.remote.ErrorHandler.throwIfResponseFailed(ErrorHandler.java:154)
	at org.openqa.selenium.remote.RemoteWebDriver.execute(RemoteWebDriver.java:678)
	at org.openqa.selenium.firefox.FirefoxDriver.access$0(FirefoxDriver.java:1)
	at org.openqa.selenium.firefox.FirefoxDriver$1$1.implicitlyWait(FirefoxDriver.java:244)
	at jenTest.GutteringPlastic.LoginTest(GutteringPlastic.java:31)
... Removed 25 stack frames]]>
    </failure>
  </testcase> <!-- @BeforeTest LoginTest -->
  <testcase name="@AfterTest CloseBrowser" time="0.0" classname="jenTest.GutteringPlastic">
    <skipped/>
  </testcase> <!-- @AfterTest CloseBrowser -->
  <testcase name="StandardHalfRoundProducts" time="0.001" classname="jenTest.GutteringPlastic">
    <skipped/>
  </testcase> <!-- StandardHalfRoundProducts -->
  <testcase name="SquareLineGutterinProducts" time="0.0" classname="jenTest.GutteringPlastic">
    <skipped/>
  </testcase> <!-- SquareLineGutterinProducts -->
  <testcase name="PolyFlowGutterinProducts" time="0.0" classname="jenTest.GutteringPlastic">
    <skipped/>
  </testcase> <!-- PolyFlowGutterinProducts -->
  <testcase name="VictorianOgeeGutterinProducts" time="0.0" classname="jenTest.GutteringPlastic">
    <skipped/>
  </testcase> <!-- VictorianOgeeGutterinProducts -->
  <testcase name="SovereignMouldedOgeePrducts" time="0.0" classname="jenTest.GutteringPlastic">
    <skipped/>
  </testcase> <!-- SovereignMouldedOgeePrducts -->
  <testcase name="MinlineGutteringProducts" time="0.0" classname="jenTest.GutteringPlastic">
    <skipped/>
  </testcase> <!-- MinlineGutteringProducts -->
  <testcase name="IndustrialGutteringProductPage" time="0.0" classname="jenTest.GutteringPlastic">
    <skipped/>
  </testcase> <!-- IndustrialGutteringProductPage -->
  <testcase name="TerrainPremiumRangeProducts" time="0.0" classname="jenTest.GutteringPlastic">
    <skipped/>
  </testcase> <!-- TerrainPremiumRangeProducts -->
  <testcase name="CornicheSquarelineGutteringProducts" time="0.0" classname="jenTest.GutteringPlastic">
    <skipped/>
  </testcase> <!-- CornicheSquarelineGutteringProducts -->
  <testcase name="RapidflowDeepflowGutteringProducts" time="0.0" classname="jenTest.GutteringPlastic">
    <skipped/>
  </testcase> <!-- RapidflowDeepflowGutteringProducts -->
  <testcase name="StreamlineSquareGutteringProductPage" time="0.0" classname="jenTest.GutteringPlastic">
    <skipped/>
  </testcase> <!-- StreamlineSquareGutteringProductPage -->
  <testcase name="OmegaOgeeGutteringProductPage" time="0.001" classname="jenTest.GutteringPlastic">
    <skipped/>
  </testcase> <!-- OmegaOgeeGutteringProductPage -->
  <testcase name="AccessoriesProductPage" time="0.0" classname="jenTest.GutteringPlastic">
    <skipped/>
  </testcase> <!-- AccessoriesProductPage -->
  <testcase name="FloplastTradeRangeProducts" time="0.0" classname="jenTest.GutteringPlastic">
    <skipped/>
  </testcase> <!-- FloplastTradeRangeProducts -->
  <testcase name="XtrafloGutterSystemProductPage" time="0.0" classname="jenTest.GutteringPlastic">
    <skipped/>
  </testcase> <!-- XtrafloGutterSystemProductPage -->
  <testcase name="CapDeepCapacityGutterSystemProductPage" time="0.0" classname="jenTest.GutteringPlastic">
    <skipped/>
  </testcase> <!-- CapDeepCapacityGutterSystemProductPage -->
  <testcase name="SwishAnthraciteGreyRAL7016GutteringProducts" time="0.0" classname="jenTest.GutteringPlastic">
    <skipped/>
  </testcase> <!-- SwishAnthraciteGreyRAL7016GutteringProducts -->
</testsuite> <!-- Test -->
