<?xml version="1.0" encoding="UTF-8"?>
<!-- Generated by org.testng.reporters.JUnitXMLReporter -->
<testsuite hostname="sakthivel-PC" name="Test" tests="17" failures="0" timestamp="5 May 2016 13:01:20 GMT" time="71.407" errors="0">
  <testcase name="@BeforeTest LoginTest" time="0.0" classname="jenTest.GutteringPlastic">
    <failure type="org.openqa.selenium.NoSuchElementException" message="Unable to locate element: {&amp;quot;method&amp;quot;:&amp;quot;xpath&amp;quot;,&amp;quot;selector&amp;quot;:&amp;quot;html/body/div[1]/header/section[1]/div/div/div[1]/ul/li[1]/a&amp;quot;}
Command duration or timeout: 60.08 seconds
For documentation on this error, please visit: http://seleniumhq.org/exceptions/no_such_element.html
Build info: version: &amp;apos;2.53.0&amp;apos;, revision: &amp;apos;35ae25b&amp;apos;, time: &amp;apos;2016-03-15 17:00:58&amp;apos;
System info: host: &amp;apos;sakthivel-PC&amp;apos;, ip: &amp;apos;172.16.11.74&amp;apos;, os.name: &amp;apos;Windows 7&amp;apos;, os.arch: &amp;apos;amd64&amp;apos;, os.version: &amp;apos;6.1&amp;apos;, java.version: &amp;apos;1.8.0_65&amp;apos;
Driver info: org.openqa.selenium.firefox.FirefoxDriver
Capabilities [{applicationCacheEnabled=true, rotatable=false, handlesAlerts=true, databaseEnabled=true, version=46.0, platform=WINDOWS, nativeEvents=false, acceptSslCerts=true, webStorageEnabled=true, locationContextEnabled=true, browserName=firefox, takesScreenshot=true, javascriptEnabled=true, cssSelectorsEnabled=true}]
Session ID: e9f8bf4b-81c8-4545-8f03-2768bad5d975
*** Element info: {Using=xpath, value=html/body/div[1]/header/section[1]/div/div/div[1]/ul/li[1]/a}">
      <![CDATA[org.openqa.selenium.NoSuchElementException: Unable to locate element: {"method":"xpath","selector":"html/body/div[1]/header/section[1]/div/div/div[1]/ul/li[1]/a"}
Command duration or timeout: 60.08 seconds
For documentation on this error, please visit: http://seleniumhq.org/exceptions/no_such_element.html
Build info: version: '2.53.0', revision: '35ae25b', time: '2016-03-15 17:00:58'
System info: host: 'sakthivel-PC', ip: '172.16.11.74', os.name: 'Windows 7', os.arch: 'amd64', os.version: '6.1', java.version: '1.8.0_65'
Driver info: org.openqa.selenium.firefox.FirefoxDriver
Capabilities [{applicationCacheEnabled=true, rotatable=false, handlesAlerts=true, databaseEnabled=true, version=46.0, platform=WINDOWS, nativeEvents=false, acceptSslCerts=true, webStorageEnabled=true, locationContextEnabled=true, browserName=firefox, takesScreenshot=true, javascriptEnabled=true, cssSelectorsEnabled=true}]
Session ID: e9f8bf4b-81c8-4545-8f03-2768bad5d975
*** Element info: {Using=xpath, value=html/body/div[1]/header/section[1]/div/div/div[1]/ul/li[1]/a}
	at org.openqa.selenium.remote.ErrorHandler.createThrowable(ErrorHandler.java:206)
	at org.openqa.selenium.remote.ErrorHandler.throwIfResponseFailed(ErrorHandler.java:158)
	at org.openqa.selenium.remote.RemoteWebDriver.execute(RemoteWebDriver.java:678)
	at org.openqa.selenium.remote.RemoteWebDriver.findElement(RemoteWebDriver.java:363)
	at org.openqa.selenium.remote.RemoteWebDriver.findElementByXPath(RemoteWebDriver.java:500)
	at org.openqa.selenium.By$ByXPath.findElement(By.java:361)
	at org.openqa.selenium.remote.RemoteWebDriver.findElement(RemoteWebDriver.java:355)
	at jenTest.GutteringPlastic.LoginTest(GutteringPlastic.java:34)
Caused by: org.openqa.selenium.NoSuchElementException: Unable to locate element: {"method":"xpath","selector":"html/body/div[1]/header/section[1]/div/div/div[1]/ul/li[1]/a"}
For documentation on this error, please visit: http://seleniumhq.org/exceptions/no_such_element.html
Build info: version: '2.53.0', revision: '35ae25b', time: '2016-03-15 17:00:58'
System info: host: 'sakthivel-PC', ip: '172.16.11.74', os.name: 'Windows 7', os.arch: 'amd64', os.version: '6.1', java.version: '1.8.0_65'
Driver info: driver.version: unknown
	at <anonymous class>.FirefoxDriver.prototype.findElementInternal_(file:///C:/Windows/TEMP/anonymous3001133006354511782webdriver-profile/extensions/fxdriver@googlecode.com/components/driver-component.js:10770)
	at <anonymous class>.fxdriver.Timer.prototype.setTimeout/<.notify(file:///C:/Windows/TEMP/anonymous3001133006354511782webdriver-profile/extensions/fxdriver@googlecode.com/components/driver-component.js:625)
... Removed 25 stack frames]]>
    </failure>
  </testcase> <!-- @BeforeTest LoginTest -->
  <testcase name="@AfterTest CloseBrowser" time="0.0" classname="jenTest.GutteringPlastic">
    <skipped/>
  </testcase> <!-- @AfterTest CloseBrowser -->
  <testcase name="StandardHalfRoundProducts" time="0.001" classname="jenTest.GutteringPlastic">
    <skipped/>
  </testcase> <!-- StandardHalfRoundProducts -->
  <testcase name="SquareLineGutterinProducts" time="0.0" classname="jenTest.GutteringPlastic">
    <skipped/>
  </testcase> <!-- SquareLineGutterinProducts -->
  <testcase name="PolyFlowGutterinProducts" time="0.0" classname="jenTest.GutteringPlastic">
    <skipped/>
  </testcase> <!-- PolyFlowGutterinProducts -->
  <testcase name="VictorianOgeeGutterinProducts" time="0.0" classname="jenTest.GutteringPlastic">
    <skipped/>
  </testcase> <!-- VictorianOgeeGutterinProducts -->
  <testcase name="SovereignMouldedOgeePrducts" time="0.0" classname="jenTest.GutteringPlastic">
    <skipped/>
  </testcase> <!-- SovereignMouldedOgeePrducts -->
  <testcase name="MinlineGutteringProducts" time="0.0" classname="jenTest.GutteringPlastic">
    <skipped/>
  </testcase> <!-- MinlineGutteringProducts -->
  <testcase name="IndustrialGutteringProductPage" time="0.0" classname="jenTest.GutteringPlastic">
    <skipped/>
  </testcase> <!-- IndustrialGutteringProductPage -->
  <testcase name="TerrainPremiumRangeProducts" time="0.0" classname="jenTest.GutteringPlastic">
    <skipped/>
  </testcase> <!-- TerrainPremiumRangeProducts -->
  <testcase name="CornicheSquarelineGutteringProducts" time="0.0" classname="jenTest.GutteringPlastic">
    <skipped/>
  </testcase> <!-- CornicheSquarelineGutteringProducts -->
  <testcase name="RapidflowDeepflowGutteringProducts" time="0.0" classname="jenTest.GutteringPlastic">
    <skipped/>
  </testcase> <!-- RapidflowDeepflowGutteringProducts -->
  <testcase name="StreamlineSquareGutteringProductPage" time="0.0" classname="jenTest.GutteringPlastic">
    <skipped/>
  </testcase> <!-- StreamlineSquareGutteringProductPage -->
  <testcase name="OmegaOgeeGutteringProductPage" time="0.0" classname="jenTest.GutteringPlastic">
    <skipped/>
  </testcase> <!-- OmegaOgeeGutteringProductPage -->
  <testcase name="AccessoriesProductPage" time="0.0" classname="jenTest.GutteringPlastic">
    <skipped/>
  </testcase> <!-- AccessoriesProductPage -->
  <testcase name="FloplastTradeRangeProducts" time="0.0" classname="jenTest.GutteringPlastic">
    <skipped/>
  </testcase> <!-- FloplastTradeRangeProducts -->
  <testcase name="XtrafloGutterSystemProductPage" time="0.0" classname="jenTest.GutteringPlastic">
    <skipped/>
  </testcase> <!-- XtrafloGutterSystemProductPage -->
  <testcase name="CapDeepCapacityGutterSystemProductPage" time="0.0" classname="jenTest.GutteringPlastic">
    <skipped/>
  </testcase> <!-- CapDeepCapacityGutterSystemProductPage -->
  <testcase name="SwishAnthraciteGreyRAL7016GutteringProducts" time="0.0" classname="jenTest.GutteringPlastic">
    <skipped/>
  </testcase> <!-- SwishAnthraciteGreyRAL7016GutteringProducts -->
</testsuite> <!-- Test -->
