<?xml version="1.0" encoding="UTF-8"?>
<!-- Generated by org.testng.reporters.JUnitXMLReporter -->
<testsuite hostname="sakthivel-PC" name="Test" tests="4" failures="2" timestamp="4 May 2016 14:40:01 GMT" time="236.255" errors="0">
  <testcase name="SiliconesProducts" time="10.915" classname="jenTest.SiliconesCleanersGlues">
    <failure type="org.openqa.selenium.WebDriverException" message="Element is not clickable at point (385.2833251953125, 472). Other element would receive the click: &amp;lt;img src=&amp;quot;http://dev.angelplastics.co.uk/application/images/Product_category/Cleaners Title web.jpg&amp;quot; title=&amp;quot;Cleaners&amp;quot; alt=&amp;quot;solvent cleaner, Type 10, Multi Solve&amp;quot; class=&amp;quot;tr_all_long_hover&amp;quot; height=&amp;quot;112px;&amp;quot; width=&amp;quot;150px;&amp;quot;&amp;gt;
Command duration or timeout: 85 milliseconds
Build info: version: &amp;apos;2.53.0&amp;apos;, revision: &amp;apos;35ae25b&amp;apos;, time: &amp;apos;2016-03-15 17:00:58&amp;apos;
System info: host: &amp;apos;sakthivel-PC&amp;apos;, ip: &amp;apos;172.16.11.74&amp;apos;, os.name: &amp;apos;Windows 7&amp;apos;, os.arch: &amp;apos;amd64&amp;apos;, os.version: &amp;apos;6.1&amp;apos;, java.version: &amp;apos;1.8.0_65&amp;apos;
Driver info: org.openqa.selenium.firefox.FirefoxDriver
Capabilities [{applicationCacheEnabled=true, rotatable=false, handlesAlerts=true, databaseEnabled=true, version=46.0, platform=WINDOWS, nativeEvents=false, acceptSslCerts=true, webStorageEnabled=true, locationContextEnabled=true, browserName=firefox, takesScreenshot=true, javascriptEnabled=true, cssSelectorsEnabled=true}]
Session ID: b6bf6dbe-f7fd-43f2-b3cb-115dc6fb7333">
      <![CDATA[org.openqa.selenium.WebDriverException: Element is not clickable at point (385.2833251953125, 472). Other element would receive the click: <img src="http://dev.angelplastics.co.uk/application/images/Product_category/Cleaners Title web.jpg" title="Cleaners" alt="solvent cleaner, Type 10, Multi Solve" class="tr_all_long_hover" height="112px;" width="150px;">
Command duration or timeout: 85 milliseconds
Build info: version: '2.53.0', revision: '35ae25b', time: '2016-03-15 17:00:58'
System info: host: 'sakthivel-PC', ip: '172.16.11.74', os.name: 'Windows 7', os.arch: 'amd64', os.version: '6.1', java.version: '1.8.0_65'
Driver info: org.openqa.selenium.firefox.FirefoxDriver
Capabilities [{applicationCacheEnabled=true, rotatable=false, handlesAlerts=true, databaseEnabled=true, version=46.0, platform=WINDOWS, nativeEvents=false, acceptSslCerts=true, webStorageEnabled=true, locationContextEnabled=true, browserName=firefox, takesScreenshot=true, javascriptEnabled=true, cssSelectorsEnabled=true}]
Session ID: b6bf6dbe-f7fd-43f2-b3cb-115dc6fb7333
	at org.openqa.selenium.remote.ErrorHandler.createThrowable(ErrorHandler.java:206)
	at org.openqa.selenium.remote.ErrorHandler.throwIfResponseFailed(ErrorHandler.java:158)
	at org.openqa.selenium.remote.RemoteWebDriver.execute(RemoteWebDriver.java:678)
	at org.openqa.selenium.remote.RemoteWebElement.execute(RemoteWebElement.java:327)
	at org.openqa.selenium.remote.RemoteWebElement.click(RemoteWebElement.java:85)
	at jenTest.SiliconesCleanersGlues.SiliconesProducts(SiliconesCleanersGlues.java:72)
... Removed 27 stack frames]]>
    </failure>
  </testcase> <!-- SiliconesProducts -->
  <testcase name="GluesAdhesivesProducts" time="47.383" classname="jenTest.SiliconesCleanersGlues">
    <failure type="org.openqa.selenium.WebDriverException" message="Element is not clickable at point (385.25, 1.1999969482421875). Other element would receive the click: &amp;lt;div class=&amp;quot;menu_wrap sticky&amp;quot;&amp;gt;&amp;lt;/div&amp;gt;
Command duration or timeout: 69 milliseconds
Build info: version: &amp;apos;2.53.0&amp;apos;, revision: &amp;apos;35ae25b&amp;apos;, time: &amp;apos;2016-03-15 17:00:58&amp;apos;
System info: host: &amp;apos;sakthivel-PC&amp;apos;, ip: &amp;apos;172.16.11.74&amp;apos;, os.name: &amp;apos;Windows 7&amp;apos;, os.arch: &amp;apos;amd64&amp;apos;, os.version: &amp;apos;6.1&amp;apos;, java.version: &amp;apos;1.8.0_65&amp;apos;
Driver info: org.openqa.selenium.firefox.FirefoxDriver
Capabilities [{applicationCacheEnabled=true, rotatable=false, handlesAlerts=true, databaseEnabled=true, version=46.0, platform=WINDOWS, nativeEvents=false, acceptSslCerts=true, webStorageEnabled=true, locationContextEnabled=true, browserName=firefox, takesScreenshot=true, javascriptEnabled=true, cssSelectorsEnabled=true}]
Session ID: b6bf6dbe-f7fd-43f2-b3cb-115dc6fb7333">
      <![CDATA[org.openqa.selenium.WebDriverException: Element is not clickable at point (385.25, 1.1999969482421875). Other element would receive the click: <div class="menu_wrap sticky"></div>
Command duration or timeout: 69 milliseconds
Build info: version: '2.53.0', revision: '35ae25b', time: '2016-03-15 17:00:58'
System info: host: 'sakthivel-PC', ip: '172.16.11.74', os.name: 'Windows 7', os.arch: 'amd64', os.version: '6.1', java.version: '1.8.0_65'
Driver info: org.openqa.selenium.firefox.FirefoxDriver
Capabilities [{applicationCacheEnabled=true, rotatable=false, handlesAlerts=true, databaseEnabled=true, version=46.0, platform=WINDOWS, nativeEvents=false, acceptSslCerts=true, webStorageEnabled=true, locationContextEnabled=true, browserName=firefox, takesScreenshot=true, javascriptEnabled=true, cssSelectorsEnabled=true}]
Session ID: b6bf6dbe-f7fd-43f2-b3cb-115dc6fb7333
	at org.openqa.selenium.remote.ErrorHandler.createThrowable(ErrorHandler.java:206)
	at org.openqa.selenium.remote.ErrorHandler.throwIfResponseFailed(ErrorHandler.java:158)
	at org.openqa.selenium.remote.RemoteWebDriver.execute(RemoteWebDriver.java:678)
	at org.openqa.selenium.remote.RemoteWebElement.execute(RemoteWebElement.java:327)
	at org.openqa.selenium.remote.RemoteWebElement.click(RemoteWebElement.java:85)
	at jenTest.SiliconesCleanersGlues.GluesAdhesivesProducts(SiliconesCleanersGlues.java:155)
... Removed 27 stack frames]]>
    </failure>
  </testcase> <!-- GluesAdhesivesProducts -->
  <testcase name="FoamsAndFillersProducts" time="51.128" classname="jenTest.SiliconesCleanersGlues"/>
  <testcase name="CleanersProducts" time="85.789" classname="jenTest.SiliconesCleanersGlues"/>
</testsuite> <!-- Test -->
