<?xml version="1.0" encoding="UTF-8"?>
<!-- Generated by org.testng.reporters.JUnitXMLReporter -->
<testsuite hostname="sakthivel-PC" name="Test" tests="14" failures="2" timestamp="10 May 2016 13:20:24 GMT" time="2594.726" errors="0">
  <testcase name="WhiteFasciaProducts" time="413.057" classname="jenTest.FasciaSubProducts"/>
  <testcase name="BlackFasciaProducts" time="405.468" classname="jenTest.FasciaSubProducts"/>
  <testcase name="LightGreyFasciaProducts" time="182.264" classname="jenTest.FasciaSubProducts"/>
  <testcase name="HazyGreyFasciaProducts" time="199.555" classname="jenTest.FasciaSubProducts"/>
  <testcase name="AnthraciteGreyFasciaProducts" time="22.478" classname="jenTest.FasciaSubProducts">
    <failure type="org.openqa.selenium.WebDriverException" message="Element is not clickable at point (343.04998779296875, 37.46665954589844). Other element would receive the click: &amp;lt;img id=&amp;quot;img_rc_7008&amp;quot; class=&amp;quot;tr_all_hover img&amp;quot; alt=&amp;quot;175mm Capping Fascia Board (Anthracite Grey 7016 Gloss)&amp;quot; src=&amp;quot;https://angelplastics.co.uk/application/images/Products/1362689763_CAPGG-web.jpg&amp;quot; title=&amp;quot;175mm Capping Fascia Board (Anthracite Grey 7016 Gloss)&amp;quot;&amp;gt;
Command duration or timeout: 189 milliseconds
Build info: version: &amp;apos;2.53.0&amp;apos;, revision: &amp;apos;35ae25b&amp;apos;, time: &amp;apos;2016-03-15 17:00:58&amp;apos;
System info: host: &amp;apos;sakthivel-PC&amp;apos;, ip: &amp;apos;172.16.11.74&amp;apos;, os.name: &amp;apos;Windows 7&amp;apos;, os.arch: &amp;apos;amd64&amp;apos;, os.version: &amp;apos;6.1&amp;apos;, java.version: &amp;apos;1.8.0_65&amp;apos;
Driver info: org.openqa.selenium.firefox.FirefoxDriver
Capabilities [{applicationCacheEnabled=true, rotatable=false, handlesAlerts=true, databaseEnabled=true, version=46.0, platform=WINDOWS, nativeEvents=false, acceptSslCerts=true, webStorageEnabled=true, locationContextEnabled=true, browserName=firefox, takesScreenshot=true, javascriptEnabled=true, cssSelectorsEnabled=true}]
Session ID: 5a44cd77-9654-4ae5-81a3-98add77e5b27">
      <![CDATA[org.openqa.selenium.WebDriverException: Element is not clickable at point (343.04998779296875, 37.46665954589844). Other element would receive the click: <img id="img_rc_7008" class="tr_all_hover img" alt="175mm Capping Fascia Board (Anthracite Grey 7016 Gloss)" src="https://angelplastics.co.uk/application/images/Products/1362689763_CAPGG-web.jpg" title="175mm Capping Fascia Board (Anthracite Grey 7016 Gloss)">
Command duration or timeout: 189 milliseconds
Build info: version: '2.53.0', revision: '35ae25b', time: '2016-03-15 17:00:58'
System info: host: 'sakthivel-PC', ip: '172.16.11.74', os.name: 'Windows 7', os.arch: 'amd64', os.version: '6.1', java.version: '1.8.0_65'
Driver info: org.openqa.selenium.firefox.FirefoxDriver
Capabilities [{applicationCacheEnabled=true, rotatable=false, handlesAlerts=true, databaseEnabled=true, version=46.0, platform=WINDOWS, nativeEvents=false, acceptSslCerts=true, webStorageEnabled=true, locationContextEnabled=true, browserName=firefox, takesScreenshot=true, javascriptEnabled=true, cssSelectorsEnabled=true}]
Session ID: 5a44cd77-9654-4ae5-81a3-98add77e5b27
	at org.openqa.selenium.remote.ErrorHandler.createThrowable(ErrorHandler.java:206)
	at org.openqa.selenium.remote.ErrorHandler.throwIfResponseFailed(ErrorHandler.java:158)
	at org.openqa.selenium.remote.RemoteWebDriver.execute(RemoteWebDriver.java:678)
	at org.openqa.selenium.remote.RemoteWebElement.execute(RemoteWebElement.java:327)
	at org.openqa.selenium.remote.RemoteWebElement.click(RemoteWebElement.java:85)
	at jenTest.FasciaSubProducts.AnthraciteGreyFasciaProducts(FasciaSubProducts.java:310)
... Removed 27 stack frames]]>
    </failure>
  </testcase> <!-- AnthraciteGreyFasciaProducts -->
  <testcase name="AnthraciteWoodGreyFasciaProducts" time="16.883" classname="jenTest.FasciaSubProducts">
    <failure type="org.openqa.selenium.WebDriverException" message="Element is not clickable at point (343.04998779296875, 37.46665954589844). Other element would receive the click: &amp;lt;img id=&amp;quot;img_rc_9865&amp;quot; class=&amp;quot;tr_all_hover img&amp;quot; alt=&amp;quot;175mm Capping Fascia (Anthracite Grey 7016 woodgrain)&amp;quot; src=&amp;quot;https://angelplastics.co.uk/application/images/Products/1422630769_CAP175G-web.jpg&amp;quot; title=&amp;quot;175mm Capping Fascia (Anthracite Grey 7016 woodgrain)&amp;quot;&amp;gt;
Command duration or timeout: 235 milliseconds
Build info: version: &amp;apos;2.53.0&amp;apos;, revision: &amp;apos;35ae25b&amp;apos;, time: &amp;apos;2016-03-15 17:00:58&amp;apos;
System info: host: &amp;apos;sakthivel-PC&amp;apos;, ip: &amp;apos;172.16.11.74&amp;apos;, os.name: &amp;apos;Windows 7&amp;apos;, os.arch: &amp;apos;amd64&amp;apos;, os.version: &amp;apos;6.1&amp;apos;, java.version: &amp;apos;1.8.0_65&amp;apos;
Driver info: org.openqa.selenium.firefox.FirefoxDriver
Capabilities [{applicationCacheEnabled=true, rotatable=false, handlesAlerts=true, databaseEnabled=true, version=46.0, platform=WINDOWS, nativeEvents=false, acceptSslCerts=true, webStorageEnabled=true, locationContextEnabled=true, browserName=firefox, takesScreenshot=true, javascriptEnabled=true, cssSelectorsEnabled=true}]
Session ID: 5a44cd77-9654-4ae5-81a3-98add77e5b27">
      <![CDATA[org.openqa.selenium.WebDriverException: Element is not clickable at point (343.04998779296875, 37.46665954589844). Other element would receive the click: <img id="img_rc_9865" class="tr_all_hover img" alt="175mm Capping Fascia (Anthracite Grey 7016 woodgrain)" src="https://angelplastics.co.uk/application/images/Products/1422630769_CAP175G-web.jpg" title="175mm Capping Fascia (Anthracite Grey 7016 woodgrain)">
Command duration or timeout: 235 milliseconds
Build info: version: '2.53.0', revision: '35ae25b', time: '2016-03-15 17:00:58'
System info: host: 'sakthivel-PC', ip: '172.16.11.74', os.name: 'Windows 7', os.arch: 'amd64', os.version: '6.1', java.version: '1.8.0_65'
Driver info: org.openqa.selenium.firefox.FirefoxDriver
Capabilities [{applicationCacheEnabled=true, rotatable=false, handlesAlerts=true, databaseEnabled=true, version=46.0, platform=WINDOWS, nativeEvents=false, acceptSslCerts=true, webStorageEnabled=true, locationContextEnabled=true, browserName=firefox, takesScreenshot=true, javascriptEnabled=true, cssSelectorsEnabled=true}]
Session ID: 5a44cd77-9654-4ae5-81a3-98add77e5b27
	at org.openqa.selenium.remote.ErrorHandler.createThrowable(ErrorHandler.java:206)
	at org.openqa.selenium.remote.ErrorHandler.throwIfResponseFailed(ErrorHandler.java:158)
	at org.openqa.selenium.remote.RemoteWebDriver.execute(RemoteWebDriver.java:678)
	at org.openqa.selenium.remote.RemoteWebElement.execute(RemoteWebElement.java:327)
	at org.openqa.selenium.remote.RemoteWebElement.click(RemoteWebElement.java:85)
	at jenTest.FasciaSubProducts.AnthraciteWoodGreyFasciaProducts(FasciaSubProducts.java:361)
... Removed 27 stack frames]]>
    </failure>
  </testcase> <!-- AnthraciteWoodGreyFasciaProducts -->
  <testcase name="RosewoodFasciaProducts" time="247.261" classname="jenTest.FasciaSubProducts"/>
  <testcase name="MahoganyFasciaProducts" time="223.961" classname="jenTest.FasciaSubProducts"/>
  <testcase name="GoldenOakFasciaProducts" time="218.817" classname="jenTest.FasciaSubProducts"/>
  <testcase name="IrishOakFasciaProducts" time="157.954" classname="jenTest.FasciaSubProducts"/>
  <testcase name="ChartwellGreenFasciaProducts" time="170.589" classname="jenTest.FasciaSubProducts"/>
  <testcase name="CreamFasciaProducts" time="167.411" classname="jenTest.FasciaSubProducts"/>
  <testcase name="MBossFasciaProducts" time="90.872" classname="jenTest.FasciaSubProducts"/>
  <testcase name="ThickFlatTudorBoardProducts" time="31.551" classname="jenTest.FasciaSubProducts"/>
</testsuite> <!-- Test -->
