<?xml version="1.0" encoding="UTF-8"?>
<testng-results skipped="0" failed="0" total="1" passed="1">
  <reporter-output>
  </reporter-output>
  <suite name="Default suite" duration-ms="173558" started-at="2016-02-25T13:42:32Z" finished-at="2016-02-25T13:45:26Z">
    <groups>
    </groups>
    <test name="Default test" duration-ms="173558" started-at="2016-02-25T13:42:32Z" finished-at="2016-02-25T13:45:26Z">
      <class name="jenTest.GutteringImitaionCastIron">
        <test-method status="PASS" signature="LoginTest()[pri:0, instance:jenTest.GutteringImitaionCastIron@8db0b]" name="LoginTest" is-config="true" duration-ms="14586" started-at="2016-02-25T19:12:32Z" finished-at="2016-02-25T19:12:47Z">
          <reporter-output>
          </reporter-output>
        </test-method> <!-- LoginTest -->
        <test-method status="PASS" signature="StandardHalfRoundProducts()[pri:0, instance:jenTest.GutteringImitaionCastIron@8db0b]" name="StandardHalfRoundProducts" duration-ms="158961" started-at="2016-02-25T19:12:47Z" finished-at="2016-02-25T19:15:26Z">
          <reporter-output>
          </reporter-output>
        </test-method> <!-- StandardHalfRoundProducts -->
      </class> <!-- jenTest.GutteringImitaionCastIron -->
    </test> <!-- Default test -->
  </suite> <!-- Default suite -->
</testng-results>
