<?xml version="1.0" encoding="UTF-8"?>
<testng-results skipped="5" failed="0" total="5" passed="0">
  <reporter-output>
  </reporter-output>
  <suite name="Default suite" duration-ms="7100" started-at="2016-05-11T14:29:50Z" finished-at="2016-05-11T14:29:57Z">
    <groups>
    </groups>
    <test name="Default test" duration-ms="7100" started-at="2016-05-11T14:29:50Z" finished-at="2016-05-11T14:29:57Z">
      <class name="jenTest.GutteringImitaionCastIron">
        <test-method status="FAIL" signature="LoginTest()[pri:0, instance:jenTest.GutteringImitaionCastIron@19881f0]" name="LoginTest" is-config="true" duration-ms="0" started-at="2016-05-11T19:59:50Z" finished-at="2016-05-11T19:59:50Z">
          <exception class="org.openqa.selenium.UnhandledAlertException">
            <message>
              <![CDATA[Unexpected modal dialog (text: false): false
Build info: version: '2.53.0', revision: '35ae25b', time: '2016-03-15 17:00:58'
System info: host: 'sakthivel-PC', ip: '172.16.11.74', os.name: 'Windows 7', os.arch: 'x86', os.version: '6.1', java.version: '1.7.0'
Session ID: 497444e8-1a6d-4856-8ee4-fe54d0dbdaf9
Driver info: org.openqa.selenium.firefox.FirefoxDriver
Capabilities [{platform=WINDOWS, acceptSslCerts=true, javascriptEnabled=true, browserName=firefox, rotatable=false, locationContextEnabled=true, version=46.0, cssSelectorsEnabled=true, databaseEnabled=true, handlesAlerts=true, nativeEvents=false, webStorageEnabled=true, applicationCacheEnabled=true, takesScreenshot=true}]]]>
            </message>
            <full-stacktrace>
              <![CDATA[org.openqa.selenium.UnhandledAlertException: Unexpected modal dialog (text: false): false
Build info: version: '2.53.0', revision: '35ae25b', time: '2016-03-15 17:00:58'
System info: host: 'sakthivel-PC', ip: '172.16.11.74', os.name: 'Windows 7', os.arch: 'x86', os.version: '6.1', java.version: '1.7.0'
Session ID: 497444e8-1a6d-4856-8ee4-fe54d0dbdaf9
Driver info: org.openqa.selenium.firefox.FirefoxDriver
Capabilities [{platform=WINDOWS, acceptSslCerts=true, javascriptEnabled=true, browserName=firefox, rotatable=false, locationContextEnabled=true, version=46.0, cssSelectorsEnabled=true, databaseEnabled=true, handlesAlerts=true, nativeEvents=false, webStorageEnabled=true, applicationCacheEnabled=true, takesScreenshot=true}]
	at sun.reflect.NativeConstructorAccessorImpl.newInstance0(Native Method)
	at sun.reflect.NativeConstructorAccessorImpl.newInstance(Unknown Source)
	at sun.reflect.DelegatingConstructorAccessorImpl.newInstance(Unknown Source)
	at java.lang.reflect.Constructor.newInstance(Unknown Source)
	at org.openqa.selenium.remote.ErrorHandler.createThrowable(ErrorHandler.java:206)
	at org.openqa.selenium.remote.ErrorHandler.createUnhandledAlertException(ErrorHandler.java:187)
	at org.openqa.selenium.remote.ErrorHandler.throwIfResponseFailed(ErrorHandler.java:154)
	at org.openqa.selenium.remote.RemoteWebDriver.execute(RemoteWebDriver.java:678)
	at org.openqa.selenium.firefox.FirefoxDriver.access$0(FirefoxDriver.java:1)
	at org.openqa.selenium.firefox.FirefoxDriver$1$1.implicitlyWait(FirefoxDriver.java:244)
	at jenTest.GutteringImitaionCastIron.LoginTest(GutteringImitaionCastIron.java:31)
	at sun.reflect.NativeMethodAccessorImpl.invoke0(Native Method)
	at sun.reflect.NativeMethodAccessorImpl.invoke(Unknown Source)
	at sun.reflect.DelegatingMethodAccessorImpl.invoke(Unknown Source)
	at java.lang.reflect.Method.invoke(Unknown Source)
	at org.testng.internal.MethodInvocationHelper.invokeMethod(MethodInvocationHelper.java:85)
	at org.testng.internal.Invoker.invokeConfigurationMethod(Invoker.java:510)
	at org.testng.internal.Invoker.invokeConfigurations(Invoker.java:211)
	at org.testng.internal.Invoker.invokeConfigurations(Invoker.java:138)
	at org.testng.TestRunner.beforeRun(TestRunner.java:648)
	at org.testng.TestRunner.run(TestRunner.java:616)
	at org.testng.SuiteRunner.runTest(SuiteRunner.java:359)
	at org.testng.SuiteRunner.runSequentially(SuiteRunner.java:354)
	at org.testng.SuiteRunner.privateRun(SuiteRunner.java:312)
	at org.testng.SuiteRunner.run(SuiteRunner.java:261)
	at org.testng.SuiteRunnerWorker.runSuite(SuiteRunnerWorker.java:52)
	at org.testng.SuiteRunnerWorker.run(SuiteRunnerWorker.java:86)
	at org.testng.TestNG.runSuitesSequentially(TestNG.java:1215)
	at org.testng.TestNG.runSuitesLocally(TestNG.java:1140)
	at org.testng.TestNG.run(TestNG.java:1048)
	at org.testng.remote.RemoteTestNG.run(RemoteTestNG.java:112)
	at org.testng.remote.RemoteTestNG.initAndRun(RemoteTestNG.java:205)
	at org.testng.remote.RemoteTestNG.main(RemoteTestNG.java:176)
]]>
            </full-stacktrace>
          </exception> <!-- org.openqa.selenium.UnhandledAlertException -->
          <reporter-output>
          </reporter-output>
        </test-method> <!-- LoginTest -->
        <test-method status="SKIP" signature="StandardHalfRoundProducts()[pri:1, instance:jenTest.GutteringImitaionCastIron@19881f0]" name="StandardHalfRoundProducts" duration-ms="1" started-at="2016-05-11T19:59:57Z" finished-at="2016-05-11T19:59:57Z">
          <reporter-output>
          </reporter-output>
        </test-method> <!-- StandardHalfRoundProducts -->
        <test-method status="SKIP" signature="DeepCapacityRoundbyBrettMartinProducts()[pri:2, instance:jenTest.GutteringImitaionCastIron@19881f0]" name="DeepCapacityRoundbyBrettMartinProducts" duration-ms="0" started-at="2016-05-11T19:59:57Z" finished-at="2016-05-11T19:59:57Z">
          <reporter-output>
          </reporter-output>
        </test-method> <!-- DeepCapacityRoundbyBrettMartinProducts -->
        <test-method status="SKIP" signature="MouldedOgeeGutterbyBrettMartinProducts()[pri:3, instance:jenTest.GutteringImitaionCastIron@19881f0]" name="MouldedOgeeGutterbyBrettMartinProducts" duration-ms="1" started-at="2016-05-11T19:59:57Z" finished-at="2016-05-11T19:59:57Z">
          <reporter-output>
          </reporter-output>
        </test-method> <!-- MouldedOgeeGutterbyBrettMartinProducts -->
        <test-method status="SKIP" signature="IndustrialHalfRoundbyBrettMartinProducts()[pri:4, instance:jenTest.GutteringImitaionCastIron@19881f0]" name="IndustrialHalfRoundbyBrettMartinProducts" duration-ms="1" started-at="2016-05-11T19:59:57Z" finished-at="2016-05-11T19:59:57Z">
          <reporter-output>
          </reporter-output>
        </test-method> <!-- IndustrialHalfRoundbyBrettMartinProducts -->
        <test-method status="SKIP" signature="EleganceCastIronSystembyPolypipeProducts()[pri:5, instance:jenTest.GutteringImitaionCastIron@19881f0]" name="EleganceCastIronSystembyPolypipeProducts" duration-ms="1" started-at="2016-05-11T19:59:57Z" finished-at="2016-05-11T19:59:57Z">
          <reporter-output>
          </reporter-output>
        </test-method> <!-- EleganceCastIronSystembyPolypipeProducts -->
        <test-method status="SKIP" signature="CloseBrowser()[pri:0, instance:jenTest.GutteringImitaionCastIron@19881f0]" name="CloseBrowser" is-config="true" duration-ms="0" started-at="2016-05-11T19:59:57Z" finished-at="2016-05-11T19:59:57Z">
          <reporter-output>
          </reporter-output>
        </test-method> <!-- CloseBrowser -->
      </class> <!-- jenTest.GutteringImitaionCastIron -->
    </test> <!-- Default test -->
  </suite> <!-- Default suite -->
</testng-results>
