<?xml version="1.0" encoding="UTF-8"?>
<testng-results skipped="0" failed="0" total="14" passed="14">
  <reporter-output>
  </reporter-output>
  <suite name="Default suite" duration-ms="1221512" started-at="2016-04-06T13:23:08Z" finished-at="2016-04-06T13:43:30Z">
    <groups>
    </groups>
    <test name="Default test" duration-ms="1221512" started-at="2016-04-06T13:23:08Z" finished-at="2016-04-06T13:43:30Z">
      <class name="jenTest.WindowTrimsSubProducts">
        <test-method status="PASS" signature="LoginTest()[pri:0, instance:jenTest.WindowTrimsSubProducts@177fc5c]" name="LoginTest" is-config="true" duration-ms="22750" started-at="2016-04-06T18:53:08Z" finished-at="2016-04-06T18:53:31Z">
          <reporter-output>
          </reporter-output>
        </test-method> <!-- LoginTest -->
        <test-method status="PASS" signature="StandardShiplapProducts()[pri:0, instance:jenTest.WindowTrimsSubProducts@177fc5c]" name="StandardShiplapProducts" duration-ms="290758" started-at="2016-04-06T18:53:31Z" finished-at="2016-04-06T18:58:22Z">
          <reporter-output>
          </reporter-output>
        </test-method> <!-- StandardShiplapProducts -->
        <test-method status="PASS" signature="BlackAshWindowTrimsProducts()[pri:0, instance:jenTest.WindowTrimsSubProducts@177fc5c]" name="BlackAshWindowTrimsProducts" duration-ms="112293" started-at="2016-04-06T18:58:22Z" finished-at="2016-04-06T19:00:14Z">
          <reporter-output>
          </reporter-output>
        </test-method> <!-- BlackAshWindowTrimsProducts -->
        <test-method status="PASS" signature="RoseWoodWindowTrimsProducts()[pri:0, instance:jenTest.WindowTrimsSubProducts@177fc5c]" name="RoseWoodWindowTrimsProducts" duration-ms="103455" started-at="2016-04-06T19:00:14Z" finished-at="2016-04-06T19:01:58Z">
          <reporter-output>
          </reporter-output>
        </test-method> <!-- RoseWoodWindowTrimsProducts -->
        <test-method status="PASS" signature="AnthraciteGreyProducts()[pri:0, instance:jenTest.WindowTrimsSubProducts@177fc5c]" name="AnthraciteGreyProducts" duration-ms="68183" started-at="2016-04-06T19:01:58Z" finished-at="2016-04-06T19:03:06Z">
          <reporter-output>
          </reporter-output>
        </test-method> <!-- AnthraciteGreyProducts -->
        <test-method status="PASS" signature="GoldenOakWindowTrimsProducts()[pri:0, instance:jenTest.WindowTrimsSubProducts@177fc5c]" name="GoldenOakWindowTrimsProducts" duration-ms="101158" started-at="2016-04-06T19:03:06Z" finished-at="2016-04-06T19:04:47Z">
          <reporter-output>
          </reporter-output>
        </test-method> <!-- GoldenOakWindowTrimsProducts -->
        <test-method status="PASS" signature="ChartWellGreenWindowTrimsProducts()[pri:0, instance:jenTest.WindowTrimsSubProducts@177fc5c]" name="ChartWellGreenWindowTrimsProducts" duration-ms="40654" started-at="2016-04-06T19:04:47Z" finished-at="2016-04-06T19:05:28Z">
          <reporter-output>
          </reporter-output>
        </test-method> <!-- ChartWellGreenWindowTrimsProducts -->
        <test-method status="PASS" signature="MahoghanyWoodgrainWindowTrimsProducts()[pri:0, instance:jenTest.WindowTrimsSubProducts@177fc5c]" name="MahoghanyWoodgrainWindowTrimsProducts" duration-ms="105078" started-at="2016-04-06T19:05:28Z" finished-at="2016-04-06T19:07:13Z">
          <reporter-output>
          </reporter-output>
        </test-method> <!-- MahoghanyWoodgrainWindowTrimsProducts -->
        <test-method status="PASS" signature="WhiteWoodgrainWindowTrimsProducts()[pri:0, instance:jenTest.WindowTrimsSubProducts@177fc5c]" name="WhiteWoodgrainWindowTrimsProducts" duration-ms="99965" started-at="2016-04-06T19:07:13Z" finished-at="2016-04-06T19:08:53Z">
          <reporter-output>
          </reporter-output>
        </test-method> <!-- WhiteWoodgrainWindowTrimsProducts -->
        <test-method status="PASS" signature="IrishOakWoodgrainWindowTrimsProducts()[pri:0, instance:jenTest.WindowTrimsSubProducts@177fc5c]" name="IrishOakWoodgrainWindowTrimsProducts" duration-ms="43961" started-at="2016-04-06T19:08:53Z" finished-at="2016-04-06T19:09:37Z">
          <reporter-output>
          </reporter-output>
        </test-method> <!-- IrishOakWoodgrainWindowTrimsProducts -->
        <test-method status="PASS" signature="CreamWoodgrainWindowTrimsProducts()[pri:0, instance:jenTest.WindowTrimsSubProducts@177fc5c]" name="CreamWoodgrainWindowTrimsProducts" duration-ms="38554" started-at="2016-04-06T19:09:37Z" finished-at="2016-04-06T19:10:15Z">
          <reporter-output>
          </reporter-output>
        </test-method> <!-- CreamWoodgrainWindowTrimsProducts -->
        <test-method status="PASS" signature="ExternalWindowChillsProducts()[pri:0, instance:jenTest.WindowTrimsSubProducts@177fc5c]" name="ExternalWindowChillsProducts" duration-ms="62840" started-at="2016-04-06T19:10:15Z" finished-at="2016-04-06T19:11:18Z">
          <reporter-output>
          </reporter-output>
        </test-method> <!-- ExternalWindowChillsProducts -->
        <test-method status="PASS" signature="HockeyNoseWindowBoardProducts()[pri:0, instance:jenTest.WindowTrimsSubProducts@177fc5c]" name="HockeyNoseWindowBoardProducts" duration-ms="47544" started-at="2016-04-06T19:11:18Z" finished-at="2016-04-06T19:12:06Z">
          <reporter-output>
          </reporter-output>
        </test-method> <!-- HockeyNoseWindowBoardProducts -->
        <test-method status="PASS" signature="WhiteBullnoseWindowBoardProducts()[pri:0, instance:jenTest.WindowTrimsSubProducts@177fc5c]" name="WhiteBullnoseWindowBoardProducts" duration-ms="43752" started-at="2016-04-06T19:12:06Z" finished-at="2016-04-06T19:12:49Z">
          <reporter-output>
          </reporter-output>
        </test-method> <!-- WhiteBullnoseWindowBoardProducts -->
        <test-method status="PASS" signature="WindowFittingAccesoriesProducts()[pri:0, instance:jenTest.WindowTrimsSubProducts@177fc5c]" name="WindowFittingAccesoriesProducts" duration-ms="38665" started-at="2016-04-06T19:12:49Z" finished-at="2016-04-06T19:13:28Z">
          <reporter-output>
          </reporter-output>
        </test-method> <!-- WindowFittingAccesoriesProducts -->
        <test-method status="PASS" signature="CloseBrowser()[pri:0, instance:jenTest.WindowTrimsSubProducts@177fc5c]" name="CloseBrowser" is-config="true" duration-ms="1856" started-at="2016-04-06T19:13:28Z" finished-at="2016-04-06T19:13:30Z">
          <reporter-output>
          </reporter-output>
        </test-method> <!-- CloseBrowser -->
      </class> <!-- jenTest.WindowTrimsSubProducts -->
    </test> <!-- Default test -->
  </suite> <!-- Default suite -->
</testng-results>
