<?xml version="1.0" encoding="UTF-8"?>
<testng-results skipped="0" failed="0" total="1" passed="1">
  <reporter-output>
  </reporter-output>
  <suite name="Default suite" duration-ms="47038" started-at="2016-02-02T14:05:06Z" finished-at="2016-02-02T14:05:53Z">
    <groups>
    </groups>
    <test name="Default test" duration-ms="47038" started-at="2016-02-02T14:05:06Z" finished-at="2016-02-02T14:05:53Z">
      <class name="jenTest.keyWordTest">
        <test-method status="PASS" signature="loginIn()[pri:0, instance:jenTest.keyWordTest@727896]" name="loginIn" is-config="true" duration-ms="30487" started-at="2016-02-02T19:35:06Z" finished-at="2016-02-02T19:35:37Z">
          <reporter-output>
          </reporter-output>
        </test-method> <!-- loginIn -->
        <test-method status="PASS" signature="MainProduct()[pri:0, instance:jenTest.keyWordTest@727896]" name="MainProduct" duration-ms="16539" started-at="2016-02-02T19:35:37Z" finished-at="2016-02-02T19:35:53Z">
          <reporter-output>
          </reporter-output>
        </test-method> <!-- MainProduct -->
        <test-method status="PASS" signature="EndofFuntion()[pri:0, instance:jenTest.keyWordTest@727896]" name="EndofFuntion" is-config="true" duration-ms="0" started-at="2016-02-02T19:35:53Z" finished-at="2016-02-02T19:35:53Z">
          <reporter-output>
          </reporter-output>
        </test-method> <!-- EndofFuntion -->
      </class> <!-- jenTest.keyWordTest -->
    </test> <!-- Default test -->
  </suite> <!-- Default suite -->
</testng-results>
