<?xml version="1.0" encoding="UTF-8"?>
<testng-results skipped="0" failed="0" total="1" passed="1">
  <reporter-output>
  </reporter-output>
  <suite name="Default suite" duration-ms="299086" started-at="2016-05-03T13:47:53Z" finished-at="2016-05-03T13:52:52Z">
    <groups>
    </groups>
    <test name="Default test" duration-ms="299086" started-at="2016-05-03T13:47:53Z" finished-at="2016-05-03T13:52:52Z">
      <class name="jenTest.RoofingProducts">
        <test-method status="PASS" signature="LoginTest()[pri:0, instance:jenTest.RoofingProducts@1a6699c]" name="LoginTest" is-config="true" duration-ms="38566" started-at="2016-05-03T19:17:53Z" finished-at="2016-05-03T19:18:32Z">
          <reporter-output>
          </reporter-output>
        </test-method> <!-- LoginTest -->
        <test-method status="PASS" signature="RoofingProductsPage()[pri:1, instance:jenTest.RoofingProducts@1a6699c]" name="RoofingProductsPage" duration-ms="259397" started-at="2016-05-03T19:18:32Z" finished-at="2016-05-03T19:22:51Z">
          <reporter-output>
          </reporter-output>
        </test-method> <!-- RoofingProductsPage -->
        <test-method status="PASS" signature="CloseBrowser()[pri:0, instance:jenTest.RoofingProducts@1a6699c]" name="CloseBrowser" is-config="true" duration-ms="1103" started-at="2016-05-03T19:22:51Z" finished-at="2016-05-03T19:22:52Z">
          <reporter-output>
          </reporter-output>
        </test-method> <!-- CloseBrowser -->
      </class> <!-- jenTest.RoofingProducts -->
    </test> <!-- Default test -->
  </suite> <!-- Default suite -->
</testng-results>
