<?xml version="1.0" encoding="UTF-8"?>
<testng-results skipped="0" failed="0" total="1" passed="1">
  <reporter-output>
  </reporter-output>
  <suite name="Default suite" duration-ms="317665" started-at="2016-05-09T12:25:21Z" finished-at="2016-05-09T12:30:38Z">
    <groups>
    </groups>
    <test name="Default test" duration-ms="317665" started-at="2016-05-09T12:25:21Z" finished-at="2016-05-09T12:30:38Z">
      <class name="jenTest.DecorativeSubproducts">
        <test-method status="PASS" signature="LoginTest()[pri:0, instance:jenTest.DecorativeSubproducts@c1853]" name="LoginTest" is-config="true" duration-ms="37485" started-at="2016-05-09T17:55:21Z" finished-at="2016-05-09T17:55:58Z">
          <reporter-output>
          </reporter-output>
        </test-method> <!-- LoginTest -->
        <test-method status="PASS" signature="DecorativeINTEXTsubProduct()[pri:1, instance:jenTest.DecorativeSubproducts@c1853]" name="DecorativeINTEXTsubProduct" duration-ms="279076" started-at="2016-05-09T17:55:58Z" finished-at="2016-05-09T18:00:37Z">
          <reporter-output>
          </reporter-output>
        </test-method> <!-- DecorativeINTEXTsubProduct -->
        <test-method status="PASS" signature="CloseBrowser()[pri:0, instance:jenTest.DecorativeSubproducts@c1853]" name="CloseBrowser" is-config="true" duration-ms="1091" started-at="2016-05-09T18:00:37Z" finished-at="2016-05-09T18:00:38Z">
          <reporter-output>
          </reporter-output>
        </test-method> <!-- CloseBrowser -->
      </class> <!-- jenTest.DecorativeSubproducts -->
    </test> <!-- Default test -->
  </suite> <!-- Default suite -->
</testng-results>
