<?xml version="1.0" encoding="UTF-8"?>
<testng-results skipped="0" failed="0" total="5" passed="5">
  <reporter-output>
  </reporter-output>
  <suite name="Suite" duration-ms="1602958" started-at="2016-05-12T10:02:29Z" finished-at="2016-05-12T10:29:12Z">
    <groups>
    </groups>
    <test name="Test" duration-ms="1602958" started-at="2016-05-12T10:02:29Z" finished-at="2016-05-12T10:29:12Z">
      <class name="jenTest.GutteringCastAluminium">
        <test-method status="PASS" signature="LoginTest()[pri:0, instance:jenTest.GutteringCastAluminium@2b40ff9c]" name="LoginTest" is-config="true" duration-ms="31617" started-at="2016-05-12T15:32:29Z" finished-at="2016-05-12T15:33:01Z">
          <reporter-output>
          </reporter-output>
        </test-method> <!-- LoginTest -->
        <test-method status="PASS" signature="CastAluminiumGuttersProducts()[pri:1, instance:jenTest.GutteringCastAluminium@2b40ff9c]" name="CastAluminiumGuttersProducts" duration-ms="315518" started-at="2016-05-12T15:33:01Z" finished-at="2016-05-12T15:38:17Z">
          <reporter-output>
          </reporter-output>
        </test-method> <!-- CastAluminiumGuttersProducts -->
        <test-method status="PASS" signature="VictorianOgeeCastAluminiumProducts()[pri:2, instance:jenTest.GutteringCastAluminium@2b40ff9c]" name="VictorianOgeeCastAluminiumProducts" duration-ms="249122" started-at="2016-05-12T15:38:17Z" finished-at="2016-05-12T15:42:26Z">
          <reporter-output>
          </reporter-output>
        </test-method> <!-- VictorianOgeeCastAluminiumProducts -->
        <test-method status="PASS" signature="MouldedNo46OgeeCastAluminiumProducts()[pri:3, instance:jenTest.GutteringCastAluminium@2b40ff9c]" name="MouldedNo46OgeeCastAluminiumProducts" duration-ms="695855" started-at="2016-05-12T15:42:26Z" finished-at="2016-05-12T15:54:02Z">
          <reporter-output>
          </reporter-output>
        </test-method> <!-- MouldedNo46OgeeCastAluminiumProducts -->
        <test-method status="PASS" signature="BeadedHalfRoundCastAluminiumProducts()[pri:4, instance:jenTest.GutteringCastAluminium@2b40ff9c]" name="BeadedHalfRoundCastAluminiumProducts" duration-ms="230817" started-at="2016-05-12T15:54:02Z" finished-at="2016-05-12T15:57:52Z">
          <reporter-output>
          </reporter-output>
        </test-method> <!-- BeadedHalfRoundCastAluminiumProducts -->
        <test-method status="PASS" signature="BeadedDeepFlowCastAluminiumProducts()[pri:5, instance:jenTest.GutteringCastAluminium@2b40ff9c]" name="BeadedDeepFlowCastAluminiumProducts" duration-ms="79229" started-at="2016-05-12T15:57:52Z" finished-at="2016-05-12T15:59:12Z">
          <reporter-output>
          </reporter-output>
        </test-method> <!-- BeadedDeepFlowCastAluminiumProducts -->
        <test-method status="PASS" signature="CloseBrowser()[pri:0, instance:jenTest.GutteringCastAluminium@2b40ff9c]" name="CloseBrowser" is-config="true" duration-ms="788" started-at="2016-05-12T15:59:12Z" finished-at="2016-05-12T15:59:12Z">
          <reporter-output>
          </reporter-output>
        </test-method> <!-- CloseBrowser -->
      </class> <!-- jenTest.GutteringCastAluminium -->
    </test> <!-- Test -->
  </suite> <!-- Suite -->
</testng-results>
