<?xml version="1.0" encoding="UTF-8"?>
<testng-results skipped="0" failed="1" total="1" passed="0">
  <reporter-output>
  </reporter-output>
  <suite name="Default suite" duration-ms="135745" started-at="2016-02-26T13:16:34Z" finished-at="2016-02-26T13:18:50Z">
    <groups>
    </groups>
    <test name="Default test" duration-ms="135745" started-at="2016-02-26T13:16:34Z" finished-at="2016-02-26T13:18:50Z">
      <class name="jenTest.DownpipesHoppersSubproducts">
        <test-method status="PASS" signature="LoginTest()[pri:0, instance:jenTest.DownpipesHoppersSubproducts@47b29c]" name="LoginTest" is-config="true" duration-ms="15419" started-at="2016-02-26T18:46:34Z" finished-at="2016-02-26T18:46:49Z">
          <reporter-output>
          </reporter-output>
        </test-method> <!-- LoginTest -->
        <test-method status="FAIL" signature="RoofBalconyOutletsProducts()[pri:0, instance:jenTest.DownpipesHoppersSubproducts@47b29c]" name="RoofBalconyOutletsProducts" duration-ms="120306" started-at="2016-02-26T18:46:49Z" finished-at="2016-02-26T18:48:50Z">
          <exception class="org.openqa.selenium.NoSuchElementException">
            <message>
              <![CDATA[Unable to locate element: {"method":"xpath","selector":"html/body/div[1]/div[2]/div/div/section/section[1]/div[8]/figure/form/h2"}
Command duration or timeout: 60.09 seconds
For documentation on this error, please visit: http://seleniumhq.org/exceptions/no_such_element.html
Build info: version: '2.48.2', revision: '41bccdd', time: '2015-10-09 19:59:12'
System info: host: 'sakthivel-PC', ip: '172.16.11.74', os.name: 'Windows 7', os.arch: 'x86', os.version: '6.1', java.version: '1.7.0'
*** Element info: {Using=xpath, value=html/body/div[1]/div[2]/div/div/section/section[1]/div[8]/figure/form/h2}
Session ID: 70579262-d12e-46bd-876c-8c40549d7dbb
Driver info: org.openqa.selenium.firefox.FirefoxDriver
Capabilities [{platform=WINDOWS, acceptSslCerts=true, javascriptEnabled=true, browserName=firefox, rotatable=false, locationContextEnabled=true, version=45.0, cssSelectorsEnabled=true, databaseEnabled=true, handlesAlerts=true, nativeEvents=false, webStorageEnabled=true, applicationCacheEnabled=true, takesScreenshot=true}]]]>
            </message>
            <full-stacktrace>
              <![CDATA[org.openqa.selenium.NoSuchElementException: Unable to locate element: {"method":"xpath","selector":"html/body/div[1]/div[2]/div/div/section/section[1]/div[8]/figure/form/h2"}
Command duration or timeout: 60.09 seconds
For documentation on this error, please visit: http://seleniumhq.org/exceptions/no_such_element.html
Build info: version: '2.48.2', revision: '41bccdd', time: '2015-10-09 19:59:12'
System info: host: 'sakthivel-PC', ip: '172.16.11.74', os.name: 'Windows 7', os.arch: 'x86', os.version: '6.1', java.version: '1.7.0'
*** Element info: {Using=xpath, value=html/body/div[1]/div[2]/div/div/section/section[1]/div[8]/figure/form/h2}
Session ID: 70579262-d12e-46bd-876c-8c40549d7dbb
Driver info: org.openqa.selenium.firefox.FirefoxDriver
Capabilities [{platform=WINDOWS, acceptSslCerts=true, javascriptEnabled=true, browserName=firefox, rotatable=false, locationContextEnabled=true, version=45.0, cssSelectorsEnabled=true, databaseEnabled=true, handlesAlerts=true, nativeEvents=false, webStorageEnabled=true, applicationCacheEnabled=true, takesScreenshot=true}]
	at sun.reflect.NativeConstructorAccessorImpl.newInstance0(Native Method)
	at sun.reflect.NativeConstructorAccessorImpl.newInstance(Unknown Source)
	at sun.reflect.DelegatingConstructorAccessorImpl.newInstance(Unknown Source)
	at java.lang.reflect.Constructor.newInstance(Unknown Source)
	at org.openqa.selenium.remote.ErrorHandler.createThrowable(ErrorHandler.java:206)
	at org.openqa.selenium.remote.ErrorHandler.throwIfResponseFailed(ErrorHandler.java:158)
	at org.openqa.selenium.remote.RemoteWebDriver.execute(RemoteWebDriver.java:647)
	at org.openqa.selenium.remote.RemoteWebDriver.findElement(RemoteWebDriver.java:353)
	at org.openqa.selenium.remote.RemoteWebDriver.findElementByXPath(RemoteWebDriver.java:490)
	at org.openqa.selenium.By$ByXPath.findElement(By.java:361)
	at org.openqa.selenium.remote.RemoteWebDriver.findElement(RemoteWebDriver.java:345)
	at jenTest.DownpipesHoppersSubproducts.RoofBalconyOutletsProducts(DownpipesHoppersSubproducts.java:463)
	at sun.reflect.NativeMethodAccessorImpl.invoke0(Native Method)
	at sun.reflect.NativeMethodAccessorImpl.invoke(Unknown Source)
	at sun.reflect.DelegatingMethodAccessorImpl.invoke(Unknown Source)
	at java.lang.reflect.Method.invoke(Unknown Source)
	at org.testng.internal.MethodInvocationHelper.invokeMethod(MethodInvocationHelper.java:85)
	at org.testng.internal.Invoker.invokeMethod(Invoker.java:639)
	at org.testng.internal.Invoker.invokeTestMethod(Invoker.java:821)
	at org.testng.internal.Invoker.invokeTestMethods(Invoker.java:1131)
	at org.testng.internal.TestMethodWorker.invokeTestMethods(TestMethodWorker.java:124)
	at org.testng.internal.TestMethodWorker.run(TestMethodWorker.java:108)
	at org.testng.TestRunner.privateRun(TestRunner.java:773)
	at org.testng.TestRunner.run(TestRunner.java:623)
	at org.testng.SuiteRunner.runTest(SuiteRunner.java:357)
	at org.testng.SuiteRunner.runSequentially(SuiteRunner.java:352)
	at org.testng.SuiteRunner.privateRun(SuiteRunner.java:310)
	at org.testng.SuiteRunner.run(SuiteRunner.java:259)
	at org.testng.SuiteRunnerWorker.runSuite(SuiteRunnerWorker.java:52)
	at org.testng.SuiteRunnerWorker.run(SuiteRunnerWorker.java:86)
	at org.testng.TestNG.runSuitesSequentially(TestNG.java:1185)
	at org.testng.TestNG.runSuitesLocally(TestNG.java:1110)
	at org.testng.TestNG.run(TestNG.java:1018)
	at org.testng.remote.RemoteTestNG.run(RemoteTestNG.java:111)
	at org.testng.remote.RemoteTestNG.initAndRun(RemoteTestNG.java:204)
	at org.testng.remote.RemoteTestNG.main(RemoteTestNG.java:175)
Caused by: org.openqa.selenium.NoSuchElementException: Unable to locate element: {"method":"xpath","selector":"html/body/div[1]/div[2]/div/div/section/section[1]/div[8]/figure/form/h2"}
For documentation on this error, please visit: http://seleniumhq.org/exceptions/no_such_element.html
Build info: version: '2.48.2', revision: '41bccdd', time: '2015-10-09 19:59:12'
System info: host: 'sakthivel-PC', ip: '172.16.11.74', os.name: 'Windows 7', os.arch: 'x86', os.version: '6.1', java.version: '1.7.0'
Driver info: driver.version: unknown
	at <anonymous class>.FirefoxDriver.prototype.findElementInternal_(file:///C:/Users/SAKTHI~1/AppData/Local/Temp/anonymous8589218032517434502webdriver-profile/extensions/fxdriver@googlecode.com/components/driver-component.js:10659)
	at <anonymous class>.fxdriver.Timer.prototype.setTimeout/<.notify(file:///C:/Users/SAKTHI~1/AppData/Local/Temp/anonymous8589218032517434502webdriver-profile/extensions/fxdriver@googlecode.com/components/driver-component.js:621)
]]>
            </full-stacktrace>
          </exception> <!-- org.openqa.selenium.NoSuchElementException -->
          <reporter-output>
          </reporter-output>
        </test-method> <!-- RoofBalconyOutletsProducts -->
      </class> <!-- jenTest.DownpipesHoppersSubproducts -->
    </test> <!-- Default test -->
  </suite> <!-- Default suite -->
</testng-results>
