<?xml version="1.0" encoding="UTF-8"?>
<testng-results skipped="0" failed="0" total="3" passed="3">
  <reporter-output>
  </reporter-output>
  <suite name="Default suite" duration-ms="208064" started-at="2016-05-05T13:23:11Z" finished-at="2016-05-05T13:26:39Z">
    <groups>
    </groups>
    <test name="Default test" duration-ms="208064" started-at="2016-05-05T13:23:11Z" finished-at="2016-05-05T13:26:39Z">
      <class name="jenTest.FixingProducts">
        <test-method status="PASS" signature="LoginTest()[pri:0, instance:jenTest.FixingProducts@51c70d]" name="LoginTest" is-config="true" duration-ms="45150" started-at="2016-05-05T18:53:11Z" finished-at="2016-05-05T18:53:56Z">
          <reporter-output>
          </reporter-output>
        </test-method> <!-- LoginTest -->
        <test-method status="PASS" signature="PolyTopFixingproductsPage()[pri:1, instance:jenTest.FixingProducts@51c70d]" name="PolyTopFixingproductsPage" duration-ms="33267" started-at="2016-05-05T18:53:56Z" finished-at="2016-05-05T18:54:30Z">
          <reporter-output>
          </reporter-output>
        </test-method> <!-- PolyTopFixingproductsPage -->
        <test-method status="PASS" signature="StandardScrewsproductpage()[pri:2, instance:jenTest.FixingProducts@51c70d]" name="StandardScrewsproductpage" duration-ms="50926" started-at="2016-05-05T18:54:30Z" finished-at="2016-05-05T18:55:21Z">
          <reporter-output>
          </reporter-output>
        </test-method> <!-- StandardScrewsproductpage -->
        <test-method status="PASS" signature="MiscellaneousFixingProductsPage()[pri:3, instance:jenTest.FixingProducts@51c70d]" name="MiscellaneousFixingProductsPage" duration-ms="77838" started-at="2016-05-05T18:55:21Z" finished-at="2016-05-05T18:56:39Z">
          <reporter-output>
          </reporter-output>
        </test-method> <!-- MiscellaneousFixingProductsPage -->
        <test-method status="PASS" signature="CloseBrowser()[pri:0, instance:jenTest.FixingProducts@51c70d]" name="CloseBrowser" is-config="true" duration-ms="851" started-at="2016-05-05T18:56:39Z" finished-at="2016-05-05T18:56:39Z">
          <reporter-output>
          </reporter-output>
        </test-method> <!-- CloseBrowser -->
      </class> <!-- jenTest.FixingProducts -->
    </test> <!-- Default test -->
  </suite> <!-- Default suite -->
</testng-results>
