<?xml version="1.0" encoding="UTF-8"?>
<testng-results skipped="0" failed="0" total="1" passed="1">
  <reporter-output>
  </reporter-output>
  <suite name="Default suite" duration-ms="278695" started-at="2016-03-09T13:01:21Z" finished-at="2016-03-09T13:05:59Z">
    <groups>
    </groups>
    <test name="Default test" duration-ms="278695" started-at="2016-03-09T13:01:21Z" finished-at="2016-03-09T13:05:59Z">
      <class name="jenTest.FasciaSubProducts">
        <test-method status="PASS" signature="LoginTest()[pri:0, instance:jenTest.FasciaSubProducts@da5bd7]" name="LoginTest" is-config="true" duration-ms="16138" started-at="2016-03-09T18:31:21Z" finished-at="2016-03-09T18:31:37Z">
          <reporter-output>
          </reporter-output>
        </test-method> <!-- LoginTest -->
        <test-method status="PASS" signature="MahoganyFasciaProducts()[pri:0, instance:jenTest.FasciaSubProducts@da5bd7]" name="MahoganyFasciaProducts" duration-ms="262529" started-at="2016-03-09T18:31:37Z" finished-at="2016-03-09T18:35:59Z">
          <reporter-output>
          </reporter-output>
        </test-method> <!-- MahoganyFasciaProducts -->
      </class> <!-- jenTest.FasciaSubProducts -->
    </test> <!-- Default test -->
  </suite> <!-- Default suite -->
</testng-results>
