<?xml version="1.0" encoding="UTF-8"?>
<testng-results skipped="0" failed="0" total="1" passed="1">
  <reporter-output>
  </reporter-output>
  <suite name="Default suite" duration-ms="225527" started-at="2016-03-25T11:51:27Z" finished-at="2016-03-25T11:55:13Z">
    <groups>
    </groups>
    <test name="Default test" duration-ms="225527" started-at="2016-03-25T11:51:27Z" finished-at="2016-03-25T11:55:13Z">
      <class name="jenTest.GutteringPlastic">
        <test-method status="PASS" signature="LoginTest()[pri:0, instance:jenTest.GutteringPlastic@e28bf]" name="LoginTest" is-config="true" duration-ms="16532" started-at="2016-03-25T17:21:27Z" finished-at="2016-03-25T17:21:44Z">
          <reporter-output>
          </reporter-output>
        </test-method> <!-- LoginTest -->
        <test-method status="PASS" signature="MinlineGutteringProducts()[pri:0, instance:jenTest.GutteringPlastic@e28bf]" name="MinlineGutteringProducts" duration-ms="208978" started-at="2016-03-25T17:21:44Z" finished-at="2016-03-25T17:25:13Z">
          <reporter-output>
          </reporter-output>
        </test-method> <!-- MinlineGutteringProducts -->
      </class> <!-- jenTest.GutteringPlastic -->
    </test> <!-- Default test -->
  </suite> <!-- Default suite -->
</testng-results>
