<?xml version="1.0" encoding="UTF-8"?>
<testng-results skipped="0" failed="0" total="1" passed="1">
  <reporter-output>
  </reporter-output>
  <suite name="Default suite" duration-ms="419155" started-at="2016-03-01T13:25:16Z" finished-at="2016-03-01T13:32:15Z">
    <groups>
    </groups>
    <test name="Default test" duration-ms="419155" started-at="2016-03-01T13:25:16Z" finished-at="2016-03-01T13:32:15Z">
      <class name="jenTest.PlumbingWasteSubproducts">
        <test-method status="PASS" signature="LoginTest()[pri:0, instance:jenTest.PlumbingWasteSubproducts@144f423]" name="LoginTest" is-config="true" duration-ms="18829" started-at="2016-03-01T18:55:16Z" finished-at="2016-03-01T18:55:35Z">
          <reporter-output>
          </reporter-output>
        </test-method> <!-- LoginTest -->
        <test-method status="PASS" signature="FourmmSolventWeldWasteMuPVCProductPage()[pri:0, instance:jenTest.PlumbingWasteSubproducts@144f423]" name="FourmmSolventWeldWasteMuPVCProductPage" duration-ms="400312" started-at="2016-03-01T18:55:35Z" finished-at="2016-03-01T19:02:15Z">
          <reporter-output>
          </reporter-output>
        </test-method> <!-- FourmmSolventWeldWasteMuPVCProductPage -->
      </class> <!-- jenTest.PlumbingWasteSubproducts -->
    </test> <!-- Default test -->
  </suite> <!-- Default suite -->
</testng-results>
