<?xml version="1.0" encoding="UTF-8"?>
<testng-results skipped="0" failed="0" total="1" passed="1">
  <reporter-output>
  </reporter-output>
  <suite name="Default suite" duration-ms="1544048" started-at="2016-01-21T12:22:59Z" finished-at="2016-01-21T12:48:43Z">
    <groups>
    </groups>
    <test name="Default test" duration-ms="1544048" started-at="2016-01-21T12:22:59Z" finished-at="2016-01-21T12:48:43Z">
      <class name="jenTest.AddtoCart">
        <test-method status="PASS" signature="loginIn()[pri:0, instance:jenTest.AddtoCart@1af1bd6]" name="loginIn" is-config="true" duration-ms="390237" started-at="2016-01-21T17:52:59Z" finished-at="2016-01-21T17:59:29Z">
          <reporter-output>
          </reporter-output>
        </test-method> <!-- loginIn -->
        <test-method status="PASS" signature="MainProduct()[pri:0, instance:jenTest.AddtoCart@1af1bd6]" name="MainProduct" duration-ms="1153799" started-at="2016-01-21T17:59:29Z" finished-at="2016-01-21T18:18:43Z">
          <reporter-output>
          </reporter-output>
        </test-method> <!-- MainProduct -->
        <test-method status="PASS" signature="EndofFuntion()[pri:0, instance:jenTest.AddtoCart@1af1bd6]" name="EndofFuntion" is-config="true" duration-ms="0" started-at="2016-01-21T18:18:43Z" finished-at="2016-01-21T18:18:43Z">
          <reporter-output>
          </reporter-output>
        </test-method> <!-- EndofFuntion -->
      </class> <!-- jenTest.AddtoCart -->
    </test> <!-- Default test -->
  </suite> <!-- Default suite -->
</testng-results>
