<?xml version="1.0" encoding="UTF-8"?>
<testng-results skipped="14" failed="0" total="14" passed="0">
  <reporter-output>
  </reporter-output>
  <suite name="Suite" duration-ms="1800143" started-at="2016-05-06T12:37:16Z" finished-at="2016-05-06T13:07:17Z">
    <groups>
    </groups>
    <test name="Test" duration-ms="1800143" started-at="2016-05-06T12:37:16Z" finished-at="2016-05-06T13:07:17Z">
      <class name="jenTest.FasciaSubProducts">
        <test-method status="FAIL" signature="LoginTest()[pri:0, instance:jenTest.FasciaSubProducts@3e08ff24]" name="LoginTest" is-config="true" duration-ms="0" started-at="2016-05-06T18:07:16Z" finished-at="2016-05-06T18:07:16Z">
          <exception class="org.openqa.selenium.TimeoutException">
            <message>
              <![CDATA[Timed out waiting for page load.
Command duration or timeout: 1800.04 seconds
Build info: version: '2.53.0', revision: '35ae25b', time: '2016-03-15 17:00:58'
System info: host: 'sakthivel-PC', ip: '172.16.11.74', os.name: 'Windows 7', os.arch: 'amd64', os.version: '6.1', java.version: '1.8.0_65'
Driver info: org.openqa.selenium.firefox.FirefoxDriver
Capabilities [{applicationCacheEnabled=true, rotatable=false, handlesAlerts=true, databaseEnabled=true, version=46.0, platform=WINDOWS, nativeEvents=false, acceptSslCerts=true, webStorageEnabled=true, locationContextEnabled=true, browserName=firefox, takesScreenshot=true, javascriptEnabled=true, cssSelectorsEnabled=true}]
Session ID: 06103527-c3f0-4b11-8f18-f074a7661261]]>
            </message>
            <full-stacktrace>
              <![CDATA[org.openqa.selenium.TimeoutException: Timed out waiting for page load.
Command duration or timeout: 1800.04 seconds
Build info: version: '2.53.0', revision: '35ae25b', time: '2016-03-15 17:00:58'
System info: host: 'sakthivel-PC', ip: '172.16.11.74', os.name: 'Windows 7', os.arch: 'amd64', os.version: '6.1', java.version: '1.8.0_65'
Driver info: org.openqa.selenium.firefox.FirefoxDriver
Capabilities [{applicationCacheEnabled=true, rotatable=false, handlesAlerts=true, databaseEnabled=true, version=46.0, platform=WINDOWS, nativeEvents=false, acceptSslCerts=true, webStorageEnabled=true, locationContextEnabled=true, browserName=firefox, takesScreenshot=true, javascriptEnabled=true, cssSelectorsEnabled=true}]
Session ID: 06103527-c3f0-4b11-8f18-f074a7661261
	at sun.reflect.NativeConstructorAccessorImpl.newInstance0(Native Method)
	at sun.reflect.NativeConstructorAccessorImpl.newInstance(NativeConstructorAccessorImpl.java:62)
	at sun.reflect.DelegatingConstructorAccessorImpl.newInstance(DelegatingConstructorAccessorImpl.java:45)
	at java.lang.reflect.Constructor.newInstance(Constructor.java:422)
	at org.openqa.selenium.remote.ErrorHandler.createThrowable(ErrorHandler.java:206)
	at org.openqa.selenium.remote.ErrorHandler.throwIfResponseFailed(ErrorHandler.java:158)
	at org.openqa.selenium.remote.RemoteWebDriver.execute(RemoteWebDriver.java:678)
	at org.openqa.selenium.remote.RemoteWebDriver.get(RemoteWebDriver.java:316)
	at jenTest.FasciaSubProducts.LoginTest(FasciaSubProducts.java:30)
	at sun.reflect.NativeMethodAccessorImpl.invoke0(Native Method)
	at sun.reflect.NativeMethodAccessorImpl.invoke(NativeMethodAccessorImpl.java:62)
	at sun.reflect.DelegatingMethodAccessorImpl.invoke(DelegatingMethodAccessorImpl.java:43)
	at java.lang.reflect.Method.invoke(Method.java:497)
	at org.testng.internal.MethodInvocationHelper.invokeMethod(MethodInvocationHelper.java:85)
	at org.testng.internal.Invoker.invokeConfigurationMethod(Invoker.java:510)
	at org.testng.internal.Invoker.invokeConfigurations(Invoker.java:211)
	at org.testng.internal.Invoker.invokeConfigurations(Invoker.java:138)
	at org.testng.TestRunner.beforeRun(TestRunner.java:648)
	at org.testng.TestRunner.run(TestRunner.java:616)
	at org.testng.SuiteRunner.runTest(SuiteRunner.java:359)
	at org.testng.SuiteRunner.runSequentially(SuiteRunner.java:354)
	at org.testng.SuiteRunner.privateRun(SuiteRunner.java:312)
	at org.testng.SuiteRunner.run(SuiteRunner.java:261)
	at org.testng.SuiteRunnerWorker.runSuite(SuiteRunnerWorker.java:52)
	at org.testng.SuiteRunnerWorker.run(SuiteRunnerWorker.java:86)
	at org.testng.TestNG.runSuitesSequentially(TestNG.java:1215)
	at org.testng.TestNG.runSuitesLocally(TestNG.java:1140)
	at org.testng.TestNG.run(TestNG.java:1048)
	at org.testng.TestNG.privateMain(TestNG.java:1355)
	at org.testng.TestNG.main(TestNG.java:1324)
Caused by: org.openqa.selenium.TimeoutException: Timed out waiting for page load.
Build info: version: '2.53.0', revision: '35ae25b', time: '2016-03-15 17:00:58'
System info: host: 'sakthivel-PC', ip: '172.16.11.74', os.name: 'Windows 7', os.arch: 'amd64', os.version: '6.1', java.version: '1.8.0_65'
Driver info: driver.version: unknown
	at <anonymous class>.Utils.initWebLoadingListener/<(file:///C:/Windows/TEMP/anonymous1811541397441531008webdriver-profile/extensions/fxdriver@googlecode.com/components/driver-component.js:9071)
	at <anonymous class>.WebLoadingListener/e(file:///C:/Windows/TEMP/anonymous1811541397441531008webdriver-profile/extensions/fxdriver@googlecode.com/components/driver-component.js:5142)
	at <anonymous class>.WebLoadingListener/<(file:///C:/Windows/TEMP/anonymous1811541397441531008webdriver-profile/extensions/fxdriver@googlecode.com/components/driver-component.js:5150)
	at <anonymous class>.fxdriver.Timer.prototype.setTimeout/<.notify(file:///C:/Windows/TEMP/anonymous1811541397441531008webdriver-profile/extensions/fxdriver@googlecode.com/components/driver-component.js:625)
]]>
            </full-stacktrace>
          </exception> <!-- org.openqa.selenium.TimeoutException -->
          <reporter-output>
          </reporter-output>
        </test-method> <!-- LoginTest -->
        <test-method status="SKIP" signature="WhiteFasciaProducts()[pri:1, instance:jenTest.FasciaSubProducts@3e08ff24]" name="WhiteFasciaProducts" duration-ms="0" started-at="2016-05-06T18:37:17Z" finished-at="2016-05-06T18:37:17Z">
          <reporter-output>
          </reporter-output>
        </test-method> <!-- WhiteFasciaProducts -->
        <test-method status="SKIP" signature="BlackFasciaProducts()[pri:2, instance:jenTest.FasciaSubProducts@3e08ff24]" name="BlackFasciaProducts" duration-ms="0" started-at="2016-05-06T18:37:17Z" finished-at="2016-05-06T18:37:17Z">
          <reporter-output>
          </reporter-output>
        </test-method> <!-- BlackFasciaProducts -->
        <test-method status="SKIP" signature="ThickFlatTudorBoardProducts()[pri:14, instance:jenTest.FasciaSubProducts@3e08ff24]" name="ThickFlatTudorBoardProducts" duration-ms="0" started-at="2016-05-06T18:37:17Z" finished-at="2016-05-06T18:37:17Z">
          <reporter-output>
          </reporter-output>
        </test-method> <!-- ThickFlatTudorBoardProducts -->
        <test-method status="SKIP" signature="MBossFasciaProducts()[pri:13, instance:jenTest.FasciaSubProducts@3e08ff24]" name="MBossFasciaProducts" duration-ms="0" started-at="2016-05-06T18:37:17Z" finished-at="2016-05-06T18:37:17Z">
          <reporter-output>
          </reporter-output>
        </test-method> <!-- MBossFasciaProducts -->
        <test-method status="SKIP" signature="CreamFasciaProducts()[pri:12, instance:jenTest.FasciaSubProducts@3e08ff24]" name="CreamFasciaProducts" duration-ms="0" started-at="2016-05-06T18:37:17Z" finished-at="2016-05-06T18:37:17Z">
          <reporter-output>
          </reporter-output>
        </test-method> <!-- CreamFasciaProducts -->
        <test-method status="SKIP" signature="GoldenOakFasciaProducts()[pri:9, instance:jenTest.FasciaSubProducts@3e08ff24]" name="GoldenOakFasciaProducts" duration-ms="0" started-at="2016-05-06T18:37:17Z" finished-at="2016-05-06T18:37:17Z">
          <reporter-output>
          </reporter-output>
        </test-method> <!-- GoldenOakFasciaProducts -->
        <test-method status="SKIP" signature="AnthraciteWoodGreyFasciaProducts()[pri:6, instance:jenTest.FasciaSubProducts@3e08ff24]" name="AnthraciteWoodGreyFasciaProducts" duration-ms="0" started-at="2016-05-06T18:37:17Z" finished-at="2016-05-06T18:37:17Z">
          <reporter-output>
          </reporter-output>
        </test-method> <!-- AnthraciteWoodGreyFasciaProducts -->
        <test-method status="SKIP" signature="CloseBrowser()[pri:0, instance:jenTest.FasciaSubProducts@3e08ff24]" name="CloseBrowser" is-config="true" duration-ms="0" started-at="2016-05-06T18:37:17Z" finished-at="2016-05-06T18:37:17Z">
          <reporter-output>
          </reporter-output>
        </test-method> <!-- CloseBrowser -->
        <test-method status="SKIP" signature="IrishOakFasciaProducts()[pri:10, instance:jenTest.FasciaSubProducts@3e08ff24]" name="IrishOakFasciaProducts" duration-ms="0" started-at="2016-05-06T18:37:17Z" finished-at="2016-05-06T18:37:17Z">
          <reporter-output>
          </reporter-output>
        </test-method> <!-- IrishOakFasciaProducts -->
        <test-method status="SKIP" signature="ChartwellGreenFasciaProducts()[pri:11, instance:jenTest.FasciaSubProducts@3e08ff24]" name="ChartwellGreenFasciaProducts" duration-ms="0" started-at="2016-05-06T18:37:17Z" finished-at="2016-05-06T18:37:17Z">
          <reporter-output>
          </reporter-output>
        </test-method> <!-- ChartwellGreenFasciaProducts -->
        <test-method status="SKIP" signature="LightGreyFasciaProducts()[pri:3, instance:jenTest.FasciaSubProducts@3e08ff24]" name="LightGreyFasciaProducts" duration-ms="0" started-at="2016-05-06T18:37:17Z" finished-at="2016-05-06T18:37:17Z">
          <reporter-output>
          </reporter-output>
        </test-method> <!-- LightGreyFasciaProducts -->
        <test-method status="SKIP" signature="AnthraciteGreyFasciaProducts()[pri:5, instance:jenTest.FasciaSubProducts@3e08ff24]" name="AnthraciteGreyFasciaProducts" duration-ms="0" started-at="2016-05-06T18:37:17Z" finished-at="2016-05-06T18:37:17Z">
          <reporter-output>
          </reporter-output>
        </test-method> <!-- AnthraciteGreyFasciaProducts -->
        <test-method status="SKIP" signature="RosewoodFasciaProducts()[pri:7, instance:jenTest.FasciaSubProducts@3e08ff24]" name="RosewoodFasciaProducts" duration-ms="0" started-at="2016-05-06T18:37:17Z" finished-at="2016-05-06T18:37:17Z">
          <reporter-output>
          </reporter-output>
        </test-method> <!-- RosewoodFasciaProducts -->
        <test-method status="SKIP" signature="HazyGreyFasciaProducts()[pri:4, instance:jenTest.FasciaSubProducts@3e08ff24]" name="HazyGreyFasciaProducts" duration-ms="0" started-at="2016-05-06T18:37:17Z" finished-at="2016-05-06T18:37:17Z">
          <reporter-output>
          </reporter-output>
        </test-method> <!-- HazyGreyFasciaProducts -->
        <test-method status="SKIP" signature="MahoganyFasciaProducts()[pri:8, instance:jenTest.FasciaSubProducts@3e08ff24]" name="MahoganyFasciaProducts" duration-ms="0" started-at="2016-05-06T18:37:17Z" finished-at="2016-05-06T18:37:17Z">
          <reporter-output>
          </reporter-output>
        </test-method> <!-- MahoganyFasciaProducts -->
      </class> <!-- jenTest.FasciaSubProducts -->
    </test> <!-- Test -->
  </suite> <!-- Suite -->
</testng-results>
